{"C:\\Users\\Tjerk_2\\Desktop\\S4 - Vue FrontEnd\\data\\productdao.js":{"path":"C:\\Users\\Tjerk_2\\Desktop\\S4 - Vue FrontEnd\\data\\productdao.js","statementMap":{"0":{"start":{"line":3,"column":0},"end":{"line":5,"column":3}},"1":{"start":{"line":6,"column":0},"end":{"line":6,"column":28}},"2":{"start":{"line":8,"column":15},"end":{"line":8,"column":73}},"3":{"start":{"line":10,"column":39},"end":{"line":10,"column":95}},"4":{"start":{"line":12,"column":77},"end":{"line":12,"column":175}},"5":{"start":{"line":12,"column":94},"end":{"line":12,"column":107}},"6":{"start":{"line":12,"column":121},"end":{"line":12,"column":131}},"7":{"start":{"line":12,"column":151},"end":{"line":12,"column":165}},"8":{"start":{"line":12,"column":166},"end":{"line":12,"column":173}},"9":{"start":{"line":12,"column":176},"end":{"line":12,"column":263}},"10":{"start":{"line":12,"column":193},"end":{"line":12,"column":208}},"11":{"start":{"line":12,"column":218},"end":{"line":12,"column":261}},"12":{"start":{"line":14,"column":33},"end":{"line":14,"column":387}},"13":{"start":{"line":14,"column":65},"end":{"line":14,"column":69}},"14":{"start":{"line":14,"column":78},"end":{"line":14,"column":87}},"15":{"start":{"line":14,"column":89},"end":{"line":14,"column":384}},"16":{"start":{"line":14,"column":147},"end":{"line":14,"column":167}},"17":{"start":{"line":14,"column":193},"end":{"line":14,"column":264}},"18":{"start":{"line":14,"column":290},"end":{"line":14,"column":360}},"19":{"start":{"line":14,"column":363},"end":{"line":14,"column":380}},"20":{"start":{"line":16,"column":50},"end":{"line":16,"column":151}},"21":{"start":{"line":16,"column":92},"end":{"line":16,"column":149}},"22":{"start":{"line":18,"column":44},"end":{"line":18,"column":315}},"23":{"start":{"line":18,"column":57},"end":{"line":18,"column":58}},"24":{"start":{"line":18,"column":102},"end":{"line":18,"column":110}},"25":{"start":{"line":18,"column":112},"end":{"line":18,"column":167}},"26":{"start":{"line":18,"column":168},"end":{"line":18,"column":199}},"27":{"start":{"line":18,"column":200},"end":{"line":18,"column":254}},"28":{"start":{"line":18,"column":227},"end":{"line":18,"column":254}},"29":{"start":{"line":18,"column":255},"end":{"line":18,"column":313}},"30":{"start":{"line":20,"column":62},"end":{"line":20,"column":131}},"31":{"start":{"line":20,"column":78},"end":{"line":20,"column":131}},"32":{"start":{"line":20,"column":132},"end":{"line":20,"column":193}},"33":{"start":{"line":20,"column":149},"end":{"line":20,"column":193}},"34":{"start":{"line":20,"column":194},"end":{"line":20,"column":213}},"35":{"start":{"line":22,"column":15},"end":{"line":22,"column":26}},"36":{"start":{"line":24,"column":30},"end":{"line":371,"column":3}},"37":{"start":{"line":26,"column":4},"end":{"line":26,"column":38}},"38":{"start":{"line":29,"column":2},"end":{"line":368,"column":6}},"39":{"start":{"line":32,"column":28},"end":{"line":57,"column":9}},"40":{"start":{"line":34,"column":8},"end":{"line":56,"column":36}},"41":{"start":{"line":35,"column":10},"end":{"line":55,"column":11}},"42":{"start":{"line":36,"column":12},"end":{"line":54,"column":13}},"43":{"start":{"line":38,"column":16},"end":{"line":38,"column":34}},"44":{"start":{"line":39,"column":16},"end":{"line":39,"column":34}},"45":{"start":{"line":40,"column":16},"end":{"line":40,"column":57}},"46":{"start":{"line":43,"column":16},"end":{"line":43,"column":36}},"47":{"start":{"line":44,"column":16},"end":{"line":44,"column":59}},"48":{"start":{"line":47,"column":16},"end":{"line":47,"column":34}},"49":{"start":{"line":48,"column":16},"end":{"line":48,"column":51}},"50":{"start":{"line":49,"column":16},"end":{"line":49,"column":43}},"51":{"start":{"line":53,"column":16},"end":{"line":53,"column":39}},"52":{"start":{"line":60,"column":8},"end":{"line":60,"column":54}},"53":{"start":{"line":63,"column":6},"end":{"line":63,"column":28}},"54":{"start":{"line":68,"column":28},"end":{"line":99,"column":9}},"55":{"start":{"line":70,"column":8},"end":{"line":98,"column":37}},"56":{"start":{"line":71,"column":10},"end":{"line":97,"column":11}},"57":{"start":{"line":72,"column":12},"end":{"line":96,"column":13}},"58":{"start":{"line":74,"column":16},"end":{"line":74,"column":35}},"59":{"start":{"line":75,"column":16},"end":{"line":75,"column":58}},"60":{"start":{"line":76,"column":16},"end":{"line":76,"column":35}},"61":{"start":{"line":77,"column":16},"end":{"line":77,"column":35}},"62":{"start":{"line":78,"column":16},"end":{"line":78,"column":52}},"63":{"start":{"line":81,"column":16},"end":{"line":81,"column":37}},"64":{"start":{"line":82,"column":16},"end":{"line":82,"column":60}},"65":{"start":{"line":85,"column":16},"end":{"line":85,"column":35}},"66":{"start":{"line":86,"column":16},"end":{"line":86,"column":53}},"67":{"start":{"line":89,"column":16},"end":{"line":91,"column":17}},"68":{"start":{"line":90,"column":18},"end":{"line":90,"column":46}},"69":{"start":{"line":95,"column":16},"end":{"line":95,"column":40}},"70":{"start":{"line":102,"column":8},"end":{"line":102,"column":54}},"71":{"start":{"line":105,"column":6},"end":{"line":105,"column":28}},"72":{"start":{"line":110,"column":24},"end":{"line":136,"column":9}},"73":{"start":{"line":112,"column":8},"end":{"line":135,"column":37}},"74":{"start":{"line":113,"column":10},"end":{"line":134,"column":11}},"75":{"start":{"line":114,"column":12},"end":{"line":133,"column":13}},"76":{"start":{"line":116,"column":16},"end":{"line":116,"column":35}},"77":{"start":{"line":117,"column":16},"end":{"line":117,"column":50}},"78":{"start":{"line":118,"column":16},"end":{"line":118,"column":35}},"79":{"start":{"line":119,"column":16},"end":{"line":119,"column":62}},"80":{"start":{"line":122,"column":16},"end":{"line":122,"column":37}},"81":{"start":{"line":123,"column":16},"end":{"line":123,"column":60}},"82":{"start":{"line":126,"column":16},"end":{"line":126,"column":35}},"83":{"start":{"line":127,"column":16},"end":{"line":127,"column":53}},"84":{"start":{"line":128,"column":16},"end":{"line":128,"column":44}},"85":{"start":{"line":132,"column":16},"end":{"line":132,"column":40}},"86":{"start":{"line":139,"column":8},"end":{"line":139,"column":50}},"87":{"start":{"line":142,"column":6},"end":{"line":142,"column":24}},"88":{"start":{"line":147,"column":27},"end":{"line":173,"column":9}},"89":{"start":{"line":149,"column":8},"end":{"line":172,"column":37}},"90":{"start":{"line":150,"column":10},"end":{"line":171,"column":11}},"91":{"start":{"line":151,"column":12},"end":{"line":170,"column":13}},"92":{"start":{"line":153,"column":16},"end":{"line":153,"column":35}},"93":{"start":{"line":154,"column":16},"end":{"line":154,"column":53}},"94":{"start":{"line":155,"column":16},"end":{"line":155,"column":35}},"95":{"start":{"line":156,"column":16},"end":{"line":156,"column":61}},"96":{"start":{"line":159,"column":16},"end":{"line":159,"column":37}},"97":{"start":{"line":160,"column":16},"end":{"line":160,"column":60}},"98":{"start":{"line":163,"column":16},"end":{"line":163,"column":35}},"99":{"start":{"line":164,"column":16},"end":{"line":164,"column":53}},"100":{"start":{"line":165,"column":16},"end":{"line":165,"column":44}},"101":{"start":{"line":169,"column":16},"end":{"line":169,"column":40}},"102":{"start":{"line":176,"column":8},"end":{"line":176,"column":53}},"103":{"start":{"line":179,"column":6},"end":{"line":179,"column":27}},"104":{"start":{"line":184,"column":34},"end":{"line":210,"column":9}},"105":{"start":{"line":186,"column":8},"end":{"line":209,"column":37}},"106":{"start":{"line":187,"column":10},"end":{"line":208,"column":11}},"107":{"start":{"line":188,"column":12},"end":{"line":207,"column":13}},"108":{"start":{"line":190,"column":16},"end":{"line":190,"column":35}},"109":{"start":{"line":191,"column":16},"end":{"line":191,"column":57}},"110":{"start":{"line":192,"column":16},"end":{"line":192,"column":35}},"111":{"start":{"line":193,"column":16},"end":{"line":193,"column":52}},"112":{"start":{"line":196,"column":16},"end":{"line":196,"column":37}},"113":{"start":{"line":197,"column":16},"end":{"line":197,"column":60}},"114":{"start":{"line":200,"column":16},"end":{"line":200,"column":35}},"115":{"start":{"line":201,"column":16},"end":{"line":201,"column":53}},"116":{"start":{"line":202,"column":16},"end":{"line":202,"column":44}},"117":{"start":{"line":206,"column":16},"end":{"line":206,"column":40}},"118":{"start":{"line":213,"column":8},"end":{"line":213,"column":60}},"119":{"start":{"line":216,"column":6},"end":{"line":216,"column":34}},"120":{"start":{"line":221,"column":35},"end":{"line":247,"column":9}},"121":{"start":{"line":223,"column":8},"end":{"line":246,"column":37}},"122":{"start":{"line":224,"column":10},"end":{"line":245,"column":11}},"123":{"start":{"line":225,"column":12},"end":{"line":244,"column":13}},"124":{"start":{"line":227,"column":16},"end":{"line":227,"column":35}},"125":{"start":{"line":228,"column":16},"end":{"line":228,"column":75}},"126":{"start":{"line":229,"column":16},"end":{"line":229,"column":35}},"127":{"start":{"line":230,"column":16},"end":{"line":230,"column":52}},"128":{"start":{"line":233,"column":16},"end":{"line":233,"column":37}},"129":{"start":{"line":234,"column":16},"end":{"line":234,"column":60}},"130":{"start":{"line":237,"column":16},"end":{"line":237,"column":35}},"131":{"start":{"line":238,"column":16},"end":{"line":238,"column":53}},"132":{"start":{"line":239,"column":16},"end":{"line":239,"column":44}},"133":{"start":{"line":243,"column":16},"end":{"line":243,"column":40}},"134":{"start":{"line":250,"column":8},"end":{"line":250,"column":61}},"135":{"start":{"line":253,"column":6},"end":{"line":253,"column":35}},"136":{"start":{"line":258,"column":31},"end":{"line":284,"column":9}},"137":{"start":{"line":260,"column":8},"end":{"line":283,"column":37}},"138":{"start":{"line":261,"column":10},"end":{"line":282,"column":11}},"139":{"start":{"line":262,"column":12},"end":{"line":281,"column":13}},"140":{"start":{"line":264,"column":16},"end":{"line":264,"column":35}},"141":{"start":{"line":265,"column":16},"end":{"line":265,"column":65}},"142":{"start":{"line":266,"column":16},"end":{"line":266,"column":35}},"143":{"start":{"line":267,"column":16},"end":{"line":267,"column":52}},"144":{"start":{"line":270,"column":16},"end":{"line":270,"column":37}},"145":{"start":{"line":271,"column":16},"end":{"line":271,"column":60}},"146":{"start":{"line":274,"column":16},"end":{"line":274,"column":35}},"147":{"start":{"line":275,"column":16},"end":{"line":275,"column":53}},"148":{"start":{"line":276,"column":16},"end":{"line":276,"column":44}},"149":{"start":{"line":280,"column":16},"end":{"line":280,"column":40}},"150":{"start":{"line":287,"column":8},"end":{"line":287,"column":57}},"151":{"start":{"line":290,"column":6},"end":{"line":290,"column":31}},"152":{"start":{"line":295,"column":43},"end":{"line":323,"column":9}},"153":{"start":{"line":297,"column":8},"end":{"line":322,"column":37}},"154":{"start":{"line":298,"column":10},"end":{"line":321,"column":11}},"155":{"start":{"line":299,"column":12},"end":{"line":320,"column":13}},"156":{"start":{"line":301,"column":16},"end":{"line":301,"column":35}},"157":{"start":{"line":302,"column":16},"end":{"line":302,"column":64}},"158":{"start":{"line":303,"column":16},"end":{"line":303,"column":35}},"159":{"start":{"line":304,"column":16},"end":{"line":306,"column":19}},"160":{"start":{"line":309,"column":16},"end":{"line":309,"column":37}},"161":{"start":{"line":310,"column":16},"end":{"line":310,"column":60}},"162":{"start":{"line":313,"column":16},"end":{"line":313,"column":35}},"163":{"start":{"line":314,"column":16},"end":{"line":314,"column":53}},"164":{"start":{"line":315,"column":16},"end":{"line":315,"column":44}},"165":{"start":{"line":319,"column":16},"end":{"line":319,"column":40}},"166":{"start":{"line":326,"column":8},"end":{"line":326,"column":69}},"167":{"start":{"line":329,"column":6},"end":{"line":329,"column":43}},"168":{"start":{"line":334,"column":33},"end":{"line":360,"column":9}},"169":{"start":{"line":336,"column":8},"end":{"line":359,"column":37}},"170":{"start":{"line":337,"column":10},"end":{"line":358,"column":11}},"171":{"start":{"line":338,"column":12},"end":{"line":357,"column":13}},"172":{"start":{"line":340,"column":16},"end":{"line":340,"column":35}},"173":{"start":{"line":341,"column":16},"end":{"line":341,"column":55}},"174":{"start":{"line":342,"column":16},"end":{"line":342,"column":35}},"175":{"start":{"line":343,"column":16},"end":{"line":343,"column":52}},"176":{"start":{"line":346,"column":16},"end":{"line":346,"column":37}},"177":{"start":{"line":347,"column":16},"end":{"line":347,"column":60}},"178":{"start":{"line":350,"column":16},"end":{"line":350,"column":35}},"179":{"start":{"line":351,"column":16},"end":{"line":351,"column":53}},"180":{"start":{"line":352,"column":16},"end":{"line":352,"column":44}},"181":{"start":{"line":356,"column":16},"end":{"line":356,"column":40}},"182":{"start":{"line":363,"column":8},"end":{"line":363,"column":59}},"183":{"start":{"line":366,"column":6},"end":{"line":366,"column":33}},"184":{"start":{"line":370,"column":2},"end":{"line":370,"column":20}},"185":{"start":{"line":373,"column":0},"end":{"line":373,"column":32}}},"fnMap":{"0":{"name":"_interopRequireDefault","decl":{"start":{"line":10,"column":9},"end":{"line":10,"column":31}},"loc":{"start":{"line":10,"column":37},"end":{"line":10,"column":97}},"line":10},"1":{"name":"asyncGeneratorStep","decl":{"start":{"line":12,"column":9},"end":{"line":12,"column":27}},"loc":{"start":{"line":12,"column":75},"end":{"line":12,"column":265}},"line":12},"2":{"name":"_asyncToGenerator","decl":{"start":{"line":14,"column":9},"end":{"line":14,"column":26}},"loc":{"start":{"line":14,"column":31},"end":{"line":14,"column":389}},"line":14},"3":{"name":"(anonymous_3)","decl":{"start":{"line":14,"column":40},"end":{"line":14,"column":41}},"loc":{"start":{"line":14,"column":52},"end":{"line":14,"column":386}},"line":14},"4":{"name":"(anonymous_4)","decl":{"start":{"line":14,"column":108},"end":{"line":14,"column":109}},"loc":{"start":{"line":14,"column":135},"end":{"line":14,"column":382}},"line":14},"5":{"name":"_next","decl":{"start":{"line":14,"column":178},"end":{"line":14,"column":183}},"loc":{"start":{"line":14,"column":191},"end":{"line":14,"column":266}},"line":14},"6":{"name":"_throw","decl":{"start":{"line":14,"column":276},"end":{"line":14,"column":282}},"loc":{"start":{"line":14,"column":288},"end":{"line":14,"column":362}},"line":14},"7":{"name":"_classCallCheck","decl":{"start":{"line":16,"column":9},"end":{"line":16,"column":24}},"loc":{"start":{"line":16,"column":48},"end":{"line":16,"column":153}},"line":16},"8":{"name":"_defineProperties","decl":{"start":{"line":18,"column":9},"end":{"line":18,"column":26}},"loc":{"start":{"line":18,"column":42},"end":{"line":18,"column":317}},"line":18},"9":{"name":"_createClass","decl":{"start":{"line":20,"column":9},"end":{"line":20,"column":21}},"loc":{"start":{"line":20,"column":60},"end":{"line":20,"column":215}},"line":20},"10":{"name":"(anonymous_10)","decl":{"start":{"line":24,"column":30},"end":{"line":24,"column":31}},"loc":{"start":{"line":24,"column":42},"end":{"line":371,"column":1}},"line":24},"11":{"name":"ProductDao","decl":{"start":{"line":25,"column":11},"end":{"line":25,"column":21}},"loc":{"start":{"line":25,"column":24},"end":{"line":27,"column":3}},"line":25},"12":{"name":"(anonymous_12)","decl":{"start":{"line":31,"column":11},"end":{"line":31,"column":12}},"loc":{"start":{"line":31,"column":23},"end":{"line":64,"column":5}},"line":31},"13":{"name":"_callee","decl":{"start":{"line":32,"column":93},"end":{"line":32,"column":100}},"loc":{"start":{"line":32,"column":103},"end":{"line":57,"column":7}},"line":32},"14":{"name":"_callee$","decl":{"start":{"line":34,"column":48},"end":{"line":34,"column":56}},"loc":{"start":{"line":34,"column":67},"end":{"line":56,"column":9}},"line":34},"15":{"name":"getAllProducts","decl":{"start":{"line":59,"column":15},"end":{"line":59,"column":29}},"loc":{"start":{"line":59,"column":32},"end":{"line":61,"column":7}},"line":59},"16":{"name":"(anonymous_16)","decl":{"start":{"line":67,"column":11},"end":{"line":67,"column":12}},"loc":{"start":{"line":67,"column":23},"end":{"line":106,"column":5}},"line":67},"17":{"name":"_callee2","decl":{"start":{"line":68,"column":93},"end":{"line":68,"column":101}},"loc":{"start":{"line":68,"column":106},"end":{"line":99,"column":7}},"line":68},"18":{"name":"_callee2$","decl":{"start":{"line":70,"column":48},"end":{"line":70,"column":57}},"loc":{"start":{"line":70,"column":69},"end":{"line":98,"column":9}},"line":70},"19":{"name":"getProductById","decl":{"start":{"line":101,"column":15},"end":{"line":101,"column":29}},"loc":{"start":{"line":101,"column":34},"end":{"line":103,"column":7}},"line":101},"20":{"name":"(anonymous_20)","decl":{"start":{"line":109,"column":11},"end":{"line":109,"column":12}},"loc":{"start":{"line":109,"column":23},"end":{"line":143,"column":5}},"line":109},"21":{"name":"_callee3","decl":{"start":{"line":110,"column":89},"end":{"line":110,"column":97}},"loc":{"start":{"line":110,"column":107},"end":{"line":136,"column":7}},"line":110},"22":{"name":"_callee3$","decl":{"start":{"line":112,"column":48},"end":{"line":112,"column":57}},"loc":{"start":{"line":112,"column":69},"end":{"line":135,"column":9}},"line":112},"23":{"name":"addProduct","decl":{"start":{"line":138,"column":15},"end":{"line":138,"column":25}},"loc":{"start":{"line":138,"column":31},"end":{"line":140,"column":7}},"line":138},"24":{"name":"(anonymous_24)","decl":{"start":{"line":146,"column":11},"end":{"line":146,"column":12}},"loc":{"start":{"line":146,"column":23},"end":{"line":180,"column":5}},"line":146},"25":{"name":"_callee4","decl":{"start":{"line":147,"column":92},"end":{"line":147,"column":100}},"loc":{"start":{"line":147,"column":110},"end":{"line":173,"column":7}},"line":147},"26":{"name":"_callee4$","decl":{"start":{"line":149,"column":48},"end":{"line":149,"column":57}},"loc":{"start":{"line":149,"column":69},"end":{"line":172,"column":9}},"line":149},"27":{"name":"updateProduct","decl":{"start":{"line":175,"column":15},"end":{"line":175,"column":28}},"loc":{"start":{"line":175,"column":34},"end":{"line":177,"column":7}},"line":175},"28":{"name":"(anonymous_28)","decl":{"start":{"line":183,"column":11},"end":{"line":183,"column":12}},"loc":{"start":{"line":183,"column":23},"end":{"line":217,"column":5}},"line":183},"29":{"name":"_callee5","decl":{"start":{"line":184,"column":99},"end":{"line":184,"column":107}},"loc":{"start":{"line":184,"column":110},"end":{"line":210,"column":7}},"line":184},"30":{"name":"_callee5$","decl":{"start":{"line":186,"column":48},"end":{"line":186,"column":57}},"loc":{"start":{"line":186,"column":69},"end":{"line":209,"column":9}},"line":186},"31":{"name":"getProductCategories","decl":{"start":{"line":212,"column":15},"end":{"line":212,"column":35}},"loc":{"start":{"line":212,"column":38},"end":{"line":214,"column":7}},"line":212},"32":{"name":"(anonymous_32)","decl":{"start":{"line":220,"column":11},"end":{"line":220,"column":12}},"loc":{"start":{"line":220,"column":23},"end":{"line":254,"column":5}},"line":220},"33":{"name":"_callee6","decl":{"start":{"line":221,"column":100},"end":{"line":221,"column":108}},"loc":{"start":{"line":221,"column":119},"end":{"line":247,"column":7}},"line":221},"34":{"name":"_callee6$","decl":{"start":{"line":223,"column":48},"end":{"line":223,"column":57}},"loc":{"start":{"line":223,"column":69},"end":{"line":246,"column":9}},"line":223},"35":{"name":"getProductsByCategory","decl":{"start":{"line":249,"column":15},"end":{"line":249,"column":36}},"loc":{"start":{"line":249,"column":42},"end":{"line":251,"column":7}},"line":249},"36":{"name":"(anonymous_36)","decl":{"start":{"line":257,"column":11},"end":{"line":257,"column":12}},"loc":{"start":{"line":257,"column":23},"end":{"line":291,"column":5}},"line":257},"37":{"name":"_callee7","decl":{"start":{"line":258,"column":96},"end":{"line":258,"column":104}},"loc":{"start":{"line":258,"column":111},"end":{"line":284,"column":7}},"line":258},"38":{"name":"_callee7$","decl":{"start":{"line":260,"column":48},"end":{"line":260,"column":57}},"loc":{"start":{"line":260,"column":69},"end":{"line":283,"column":9}},"line":260},"39":{"name":"getProductsByName","decl":{"start":{"line":286,"column":15},"end":{"line":286,"column":32}},"loc":{"start":{"line":286,"column":38},"end":{"line":288,"column":7}},"line":286},"40":{"name":"(anonymous_40)","decl":{"start":{"line":294,"column":11},"end":{"line":294,"column":12}},"loc":{"start":{"line":294,"column":23},"end":{"line":330,"column":5}},"line":294},"41":{"name":"_callee8","decl":{"start":{"line":295,"column":108},"end":{"line":295,"column":116}},"loc":{"start":{"line":295,"column":127},"end":{"line":323,"column":7}},"line":295},"42":{"name":"_callee8$","decl":{"start":{"line":297,"column":48},"end":{"line":297,"column":57}},"loc":{"start":{"line":297,"column":69},"end":{"line":322,"column":9}},"line":297},"43":{"name":"removeBasketProductsFromStore","decl":{"start":{"line":325,"column":15},"end":{"line":325,"column":44}},"loc":{"start":{"line":325,"column":50},"end":{"line":327,"column":7}},"line":325},"44":{"name":"(anonymous_44)","decl":{"start":{"line":333,"column":11},"end":{"line":333,"column":12}},"loc":{"start":{"line":333,"column":23},"end":{"line":367,"column":5}},"line":333},"45":{"name":"_callee9","decl":{"start":{"line":334,"column":98},"end":{"line":334,"column":106}},"loc":{"start":{"line":334,"column":109},"end":{"line":360,"column":7}},"line":334},"46":{"name":"_callee9$","decl":{"start":{"line":336,"column":48},"end":{"line":336,"column":57}},"loc":{"start":{"line":336,"column":69},"end":{"line":359,"column":9}},"line":336},"47":{"name":"getTopRatedProducts","decl":{"start":{"line":362,"column":15},"end":{"line":362,"column":34}},"loc":{"start":{"line":362,"column":37},"end":{"line":364,"column":7}},"line":362}},"branchMap":{"0":{"loc":{"start":{"line":10,"column":46},"end":{"line":10,"column":94}},"type":"cond-expr","locations":[{"start":{"line":10,"column":70},"end":{"line":10,"column":73}},{"start":{"line":10,"column":76},"end":{"line":10,"column":94}}],"line":10},"1":{"loc":{"start":{"line":10,"column":46},"end":{"line":10,"column":67}},"type":"binary-expr","locations":[{"start":{"line":10,"column":46},"end":{"line":10,"column":49}},{"start":{"line":10,"column":53},"end":{"line":10,"column":67}}],"line":10},"2":{"loc":{"start":{"line":12,"column":176},"end":{"line":12,"column":263}},"type":"if","locations":[{"start":{"line":12,"column":176},"end":{"line":12,"column":263}},{"start":{"line":12,"column":176},"end":{"line":12,"column":263}}],"line":12},"3":{"loc":{"start":{"line":16,"column":50},"end":{"line":16,"column":151}},"type":"if","locations":[{"start":{"line":16,"column":50},"end":{"line":16,"column":151}},{"start":{"line":16,"column":50},"end":{"line":16,"column":151}}],"line":16},"4":{"loc":{"start":{"line":18,"column":136},"end":{"line":18,"column":166}},"type":"binary-expr","locations":[{"start":{"line":18,"column":136},"end":{"line":18,"column":157}},{"start":{"line":18,"column":161},"end":{"line":18,"column":166}}],"line":18},"5":{"loc":{"start":{"line":18,"column":200},"end":{"line":18,"column":254}},"type":"if","locations":[{"start":{"line":18,"column":200},"end":{"line":18,"column":254}},{"start":{"line":18,"column":200},"end":{"line":18,"column":254}}],"line":18},"6":{"loc":{"start":{"line":20,"column":62},"end":{"line":20,"column":131}},"type":"if","locations":[{"start":{"line":20,"column":62},"end":{"line":20,"column":131}},{"start":{"line":20,"column":62},"end":{"line":20,"column":131}}],"line":20},"7":{"loc":{"start":{"line":20,"column":132},"end":{"line":20,"column":193}},"type":"if","locations":[{"start":{"line":20,"column":132},"end":{"line":20,"column":193}},{"start":{"line":20,"column":132},"end":{"line":20,"column":193}}],"line":20},"8":{"loc":{"start":{"line":36,"column":12},"end":{"line":54,"column":13}},"type":"switch","locations":[{"start":{"line":37,"column":14},"end":{"line":40,"column":57}},{"start":{"line":42,"column":14},"end":{"line":44,"column":59}},{"start":{"line":46,"column":14},"end":{"line":49,"column":43}},{"start":{"line":51,"column":14},"end":{"line":51,"column":22}},{"start":{"line":52,"column":14},"end":{"line":53,"column":39}}],"line":36},"9":{"loc":{"start":{"line":72,"column":12},"end":{"line":96,"column":13}},"type":"switch","locations":[{"start":{"line":73,"column":14},"end":{"line":78,"column":52}},{"start":{"line":80,"column":14},"end":{"line":82,"column":60}},{"start":{"line":84,"column":14},"end":{"line":91,"column":17}},{"start":{"line":93,"column":14},"end":{"line":93,"column":22}},{"start":{"line":94,"column":14},"end":{"line":95,"column":40}}],"line":72},"10":{"loc":{"start":{"line":89,"column":16},"end":{"line":91,"column":17}},"type":"if","locations":[{"start":{"line":89,"column":16},"end":{"line":91,"column":17}},{"start":{"line":89,"column":16},"end":{"line":91,"column":17}}],"line":89},"11":{"loc":{"start":{"line":114,"column":12},"end":{"line":133,"column":13}},"type":"switch","locations":[{"start":{"line":115,"column":14},"end":{"line":119,"column":62}},{"start":{"line":121,"column":14},"end":{"line":123,"column":60}},{"start":{"line":125,"column":14},"end":{"line":128,"column":44}},{"start":{"line":130,"column":14},"end":{"line":130,"column":22}},{"start":{"line":131,"column":14},"end":{"line":132,"column":40}}],"line":114},"12":{"loc":{"start":{"line":151,"column":12},"end":{"line":170,"column":13}},"type":"switch","locations":[{"start":{"line":152,"column":14},"end":{"line":156,"column":61}},{"start":{"line":158,"column":14},"end":{"line":160,"column":60}},{"start":{"line":162,"column":14},"end":{"line":165,"column":44}},{"start":{"line":167,"column":14},"end":{"line":167,"column":22}},{"start":{"line":168,"column":14},"end":{"line":169,"column":40}}],"line":151},"13":{"loc":{"start":{"line":188,"column":12},"end":{"line":207,"column":13}},"type":"switch","locations":[{"start":{"line":189,"column":14},"end":{"line":193,"column":52}},{"start":{"line":195,"column":14},"end":{"line":197,"column":60}},{"start":{"line":199,"column":14},"end":{"line":202,"column":44}},{"start":{"line":204,"column":14},"end":{"line":204,"column":22}},{"start":{"line":205,"column":14},"end":{"line":206,"column":40}}],"line":188},"14":{"loc":{"start":{"line":225,"column":12},"end":{"line":244,"column":13}},"type":"switch","locations":[{"start":{"line":226,"column":14},"end":{"line":230,"column":52}},{"start":{"line":232,"column":14},"end":{"line":234,"column":60}},{"start":{"line":236,"column":14},"end":{"line":239,"column":44}},{"start":{"line":241,"column":14},"end":{"line":241,"column":22}},{"start":{"line":242,"column":14},"end":{"line":243,"column":40}}],"line":225},"15":{"loc":{"start":{"line":262,"column":12},"end":{"line":281,"column":13}},"type":"switch","locations":[{"start":{"line":263,"column":14},"end":{"line":267,"column":52}},{"start":{"line":269,"column":14},"end":{"line":271,"column":60}},{"start":{"line":273,"column":14},"end":{"line":276,"column":44}},{"start":{"line":278,"column":14},"end":{"line":278,"column":22}},{"start":{"line":279,"column":14},"end":{"line":280,"column":40}}],"line":262},"16":{"loc":{"start":{"line":299,"column":12},"end":{"line":320,"column":13}},"type":"switch","locations":[{"start":{"line":300,"column":14},"end":{"line":306,"column":19}},{"start":{"line":308,"column":14},"end":{"line":310,"column":60}},{"start":{"line":312,"column":14},"end":{"line":315,"column":44}},{"start":{"line":317,"column":14},"end":{"line":317,"column":22}},{"start":{"line":318,"column":14},"end":{"line":319,"column":40}}],"line":299},"17":{"loc":{"start":{"line":338,"column":12},"end":{"line":357,"column":13}},"type":"switch","locations":[{"start":{"line":339,"column":14},"end":{"line":343,"column":52}},{"start":{"line":345,"column":14},"end":{"line":347,"column":60}},{"start":{"line":349,"column":14},"end":{"line":352,"column":44}},{"start":{"line":354,"column":14},"end":{"line":354,"column":22}},{"start":{"line":355,"column":14},"end":{"line":356,"column":40}}],"line":338}},"s":{"0":1,"1":1,"2":1,"3":1,"4":8,"5":8,"6":8,"7":0,"8":0,"9":8,"10":4,"11":4,"12":9,"13":4,"14":4,"15":4,"16":4,"17":8,"18":0,"19":4,"20":1,"21":0,"22":1,"23":1,"24":9,"25":9,"26":9,"27":9,"28":9,"29":9,"30":1,"31":1,"32":1,"33":0,"34":1,"35":1,"36":1,"37":1,"38":1,"39":1,"40":1,"41":3,"42":3,"43":1,"44":1,"45":1,"46":1,"47":1,"48":0,"49":0,"50":0,"51":1,"52":1,"53":1,"54":1,"55":1,"56":3,"57":3,"58":1,"59":1,"60":1,"61":1,"62":1,"63":1,"64":1,"65":0,"66":0,"67":0,"68":0,"69":1,"70":1,"71":1,"72":1,"73":0,"74":0,"75":0,"76":0,"77":0,"78":0,"79":0,"80":0,"81":0,"82":0,"83":0,"84":0,"85":0,"86":0,"87":1,"88":1,"89":0,"90":0,"91":0,"92":0,"93":0,"94":0,"95":0,"96":0,"97":0,"98":0,"99":0,"100":0,"101":0,"102":0,"103":1,"104":1,"105":1,"106":3,"107":3,"108":1,"109":1,"110":1,"111":1,"112":1,"113":1,"114":0,"115":0,"116":0,"117":1,"118":1,"119":1,"120":1,"121":1,"122":3,"123":3,"124":1,"125":1,"126":1,"127":1,"128":1,"129":1,"130":0,"131":0,"132":0,"133":1,"134":1,"135":1,"136":1,"137":0,"138":0,"139":0,"140":0,"141":0,"142":0,"143":0,"144":0,"145":0,"146":0,"147":0,"148":0,"149":0,"150":0,"151":1,"152":1,"153":0,"154":0,"155":0,"156":0,"157":0,"158":0,"159":0,"160":0,"161":0,"162":0,"163":0,"164":0,"165":0,"166":0,"167":1,"168":1,"169":0,"170":0,"171":0,"172":0,"173":0,"174":0,"175":0,"176":0,"177":0,"178":0,"179":0,"180":0,"181":0,"182":0,"183":1,"184":1,"185":1},"f":{"0":1,"1":8,"2":9,"3":4,"4":4,"5":8,"6":0,"7":1,"8":1,"9":1,"10":1,"11":1,"12":1,"13":1,"14":3,"15":1,"16":1,"17":1,"18":3,"19":1,"20":1,"21":0,"22":0,"23":0,"24":1,"25":0,"26":0,"27":0,"28":1,"29":1,"30":3,"31":1,"32":1,"33":1,"34":3,"35":1,"36":1,"37":0,"38":0,"39":0,"40":1,"41":0,"42":0,"43":0,"44":1,"45":0,"46":0,"47":0},"b":{"0":[1,0],"1":[1,1],"2":[4,4],"3":[0,1],"4":[9,9],"5":[9,0],"6":[1,0],"7":[0,1],"8":[1,1,0,0,1],"9":[1,1,0,0,1],"10":[0,0],"11":[0,0,0,0,0],"12":[0,0,0,0,0],"13":[1,1,0,0,1],"14":[1,1,0,0,1],"15":[0,0,0,0,0],"16":[0,0,0,0,0],"17":[0,0,0,0,0]},"inputSourceMap":{"version":3,"sources":["productdao.js"],"names":["basePath","ProductDao","axios","get","res","data","console","error","id","url","response","status","product","post","put","category","name","products"],"mappings":";;;;;;;AAAA;;;;;;;;;;;;;;AAEA,IAAIA,QAAQ,GAAG,WAAf;;IAEqBC,U;;;;;;;;;;;;;;;;uBAMOC,oBAAMC,GAAN,CAAUH,QAAV,C;;;AAAZI,gBAAAA,G;iDAEGA,GAAG,CAACC,I;;;;;AAGXC,gBAAAA,OAAO,CAACC,KAAR;;;;;;;;;;;;;;;;;;;sGAIaC,E;;;;;;;AAGTC,gBAAAA,G,aAAST,Q,cAAYQ,E;AACzBF,gBAAAA,OAAO,CAACC,KAAR,CAAcE,GAAd;;uBAGgBP,oBAAMC,GAAN,CAAUM,GAAV,C;;;AAAZL,gBAAAA,G;kDAEGA,GAAG,CAACC,I;;;;;;AAGX;AACA,oBAAG,aAAIK,QAAJ,CAAaC,MAAb,IAAuB,GAA1B,EAA+B;AAC3BL,kBAAAA,OAAO,CAACC,KAAR;AACH;;;;;;;;;;;;;;;;;;;kGAIQK,O;;;;;;;AAGLH,gBAAAA,G,aAAST,Q;;uBAEGE,oBAAMW,IAAN,CAAWJ,GAAX,EAAgBG,OAAhB,C;;;AAAZR,gBAAAA,G;kDAEGA,GAAG,CAACC,I;;;;;AAGXC,gBAAAA,OAAO,CAACC,KAAR;;;;;;;;;;;;;;;;;;;qGAIYK,O;;;;;;;AAERH,gBAAAA,G,aAAST,Q;;uBAEGE,oBAAMY,GAAN,CAAUL,GAAV,EAAeG,OAAf,C;;;AAAZR,gBAAAA,G;kDAEGA,GAAG,CAACC,I;;;;;AAGXC,gBAAAA,OAAO,CAACC,KAAR;;;;;;;;;;;;;;;;;;;;;;;;;;AAMIE,gBAAAA,G,aAAST,Q;;uBAEGE,oBAAMC,GAAN,CAAUM,GAAV,C;;;AAAZL,gBAAAA,G;kDAEGA,GAAG,CAACC,I;;;;;AAGXC,gBAAAA,OAAO,CAACC,KAAR;;;;;;;;;;;;;;;;;;;6GAIoBQ,Q;;;;;;;AAEhBN,gBAAAA,G,aAAST,Q,yBAAuBe,Q;;uBAEpBb,oBAAMC,GAAN,CAAUM,GAAV,C;;;AAAZL,gBAAAA,G;kDAEGA,GAAG,CAACC,I;;;;;AAIXC,gBAAAA,OAAO,CAACC,KAAR;;;;;;;;;;;;;;;;;;;yGAIgBS,I;;;;;;;AAEZP,gBAAAA,G,aAAST,Q,mBAAiBgB,I;;uBAEdd,oBAAMC,GAAN,CAAUM,GAAV,C;;;AAAZL,gBAAAA,G;kDAEGA,GAAG,CAACC,I;;;;;AAGXC,gBAAAA,OAAO,CAACC,KAAR;;;;;;;;;;;;;;;;;;;qHAI4BU,Q;;;;;;;AAGxBR,gBAAAA,G,aAAST,Q;;uBAEGE,oBAAMW,IAAN,CAAWJ,GAAX,EAAgB;AAC5BQ,kBAAAA,QAAQ,EAAEA;AADkB,iBAAhB,C;;;AAAZb,gBAAAA,G;kDAIGA,GAAG,CAACC,I;;;;;AAGXC,gBAAAA,OAAO,CAACC,KAAR;;;;;;;;;;;;;;;;;;;;;;;;;;AAMIE,gBAAAA,G,aAAST,Q;;uBAEGE,oBAAMC,GAAN,CAAUM,GAAV,C;;;AAAZL,gBAAAA,G;kDAEGA,GAAG,CAACC,I;;;;;AAGXC,gBAAAA,OAAO,CAACC,KAAR","sourceRoot":"C:\\Users\\Tjerk_2\\Desktop\\S4 - Vue FrontEnd\\data\\","sourcesContent":["import axios from '@/services/base-api.js';\r\n\r\nlet basePath = '/products';\r\n\r\nexport default class ProductDao {\r\n\r\n    async getAllProducts() {\r\n\r\n        try {\r\n\r\n            let res = await axios.get(basePath);\r\n            \r\n            return res.data;\r\n        }\r\n        catch (err) {\r\n            console.error(err);\r\n        }\r\n    }\r\n\r\n    async getProductById(id) {\r\n        \r\n        try { \r\n            let url = `${basePath}/${id}`;\r\n            console.error(url);\r\n            \r\n\r\n            let res = await axios.get(url);\r\n\r\n            return res.data;\r\n        }\r\n        catch (err) {\r\n            //log everything except user not found\r\n            if(err.response.status != 404) {\r\n                console.error(err);\r\n            }\r\n        }\r\n    }\r\n\r\n    async addProduct(product) {\r\n\r\n        try {\r\n            let url = `${basePath}/add`;\r\n                    \r\n            let res = await axios.post(url, product);\r\n\r\n            return res.data;\r\n        }\r\n        catch (err) {\r\n            console.error(err);      \r\n        }\r\n    }\r\n\r\n    async updateProduct(product) {\r\n        try {\r\n            let url = `${basePath}/update`;\r\n                    \r\n            let res = await axios.put(url, product);\r\n\r\n            return res.data;\r\n        }\r\n        catch (err) {\r\n            console.error(err);      \r\n        }\r\n    }\r\n\r\n    async getProductCategories() {\r\n        try {\r\n            let url = `${basePath}/categories`;\r\n            \r\n            let res = await axios.get(url);\r\n\r\n            return res.data;\r\n        }\r\n        catch (err) {\r\n            console.error(err);      \r\n        }\r\n    }\r\n\r\n    async getProductsByCategory(category) {\r\n        try {                        \r\n            let url = `${basePath}/categories/${category}`;        \r\n\r\n            let res = await axios.get(url);   \r\n\r\n            return res.data;\r\n        }\r\n        catch(err) {\r\n            \r\n            console.error(err);\r\n        }\r\n    }\r\n\r\n    async getProductsByName(name) {\r\n        try {   \r\n            let url = `${basePath}/name/${name}`;\r\n\r\n            let res = await axios.get(url);\r\n\r\n            return res.data;\r\n        }\r\n        catch(err) {\r\n            console.error(err);\r\n        }\r\n    }\r\n\r\n    async removeBasketProductsFromStore(products) {\r\n        try {   \r\n\r\n            let url = `${basePath}/removeBasketItems`;\r\n\r\n            let res = await axios.post(url, {\r\n                products: products\r\n            });\r\n\r\n            return res.data;\r\n        }\r\n        catch(err) {\r\n            console.error(err);\r\n        }\r\n    }\r\n\r\n    async getTopRatedProducts() {\r\n        try {   \r\n            let url = `${basePath}/topRated`;\r\n\r\n            let res = await axios.get(url);\r\n\r\n            return res.data;\r\n        }\r\n        catch(err) {\r\n            console.error(err);\r\n        }\r\n    }\r\n}\r\n\r\n"]},"_coverageSchema":"1a1c01bbd47fc00a2c39e90264f33305004495a9","hash":"146e8a5ef6e6c253b9d1742e4d37667d659facfe","contentHash":"1f9adbdabb485a21f0af5ac92ba8b7dde09550a312932c5663aa44eab75c693f"},"C:\\Users\\Tjerk_2\\Desktop\\S4 - Vue FrontEnd\\services\\base-api.js":{"path":"C:\\Users\\Tjerk_2\\Desktop\\S4 - Vue FrontEnd\\services\\base-api.js","statementMap":{"0":{"start":{"line":3,"column":0},"end":{"line":5,"column":3}},"1":{"start":{"line":6,"column":0},"end":{"line":6,"column":28}},"2":{"start":{"line":8,"column":13},"end":{"line":8,"column":53}},"3":{"start":{"line":10,"column":12},"end":{"line":10,"column":61}},"4":{"start":{"line":12,"column":39},"end":{"line":12,"column":95}},"5":{"start":{"line":14,"column":11},"end":{"line":14,"column":33}},"6":{"start":{"line":15,"column":14},"end":{"line":17,"column":1}},"7":{"start":{"line":18,"column":18},"end":{"line":18,"column":51}},"8":{"start":{"line":20,"column":0},"end":{"line":22,"column":1}},"9":{"start":{"line":21,"column":2},"end":{"line":21,"column":38}},"10":{"start":{"line":25,"column":14},"end":{"line":25,"column":63}},"11":{"start":{"line":27,"column":14},"end":{"line":30,"column":2}},"12":{"start":{"line":32,"column":15},"end":{"line":32,"column":22}},"13":{"start":{"line":33,"column":0},"end":{"line":33,"column":30}}},"fnMap":{"0":{"name":"_interopRequireDefault","decl":{"start":{"line":12,"column":9},"end":{"line":12,"column":31}},"loc":{"start":{"line":12,"column":37},"end":{"line":12,"column":97}},"line":12}},"branchMap":{"0":{"loc":{"start":{"line":12,"column":46},"end":{"line":12,"column":94}},"type":"cond-expr","locations":[{"start":{"line":12,"column":70},"end":{"line":12,"column":73}},{"start":{"line":12,"column":76},"end":{"line":12,"column":94}}],"line":12},"1":{"loc":{"start":{"line":12,"column":46},"end":{"line":12,"column":67}},"type":"binary-expr","locations":[{"start":{"line":12,"column":46},"end":{"line":12,"column":49}},{"start":{"line":12,"column":53},"end":{"line":12,"column":67}}],"line":12},"2":{"loc":{"start":{"line":20,"column":0},"end":{"line":22,"column":1}},"type":"if","locations":[{"start":{"line":20,"column":0},"end":{"line":22,"column":1}},{"start":{"line":20,"column":0},"end":{"line":22,"column":1}}],"line":20},"3":{"loc":{"start":{"line":20,"column":4},"end":{"line":20,"column":37}},"type":"binary-expr","locations":[{"start":{"line":20,"column":4},"end":{"line":20,"column":15}},{"start":{"line":20,"column":19},"end":{"line":20,"column":37}}],"line":20}},"s":{"0":1,"1":1,"2":1,"3":1,"4":2,"5":1,"6":1,"7":1,"8":1,"9":1,"10":1,"11":1,"12":1,"13":1},"f":{"0":2},"b":{"0":[1,1],"1":[2,2],"2":[1,0],"3":[1,1]},"inputSourceMap":{"version":3,"sources":["base-api.js"],"names":["host","Host","headers","accessToken","localStorage","getItem","Authorization","baseUrl","ip","port","service","axios","create","baseURL"],"mappings":";;;;;;;AAAA;;AACA;;;;AAEA,IAAIA,IAAI,GAAG,IAAIC,gBAAJ,EAAX;AAEA,IAAIC,OAAO,GAAG;AACZ,mBAAiB;AADL,CAAd;AAIA,IAAIC,WAAW,GAAGC,YAAY,CAACC,OAAb,CAAqB,WAArB,CAAlB;;AACA,IAAIF,WAAW,IAAIA,WAAW,KAAK,EAAnC,EAAuC;AACnCD,EAAAA,OAAO,CAACI,aAAR,GAAwBH,WAAxB;AACH;;AAAA;AAED,IAAII,OAAO,qBAAcP,IAAI,CAACQ,EAAnB,cAAyBR,IAAI,CAACS,IAA9B,CAAX;;AAEA,IAAMC,OAAO,GAAGC,kBAAMC,MAAN,CAAa;AAC3BC,EAAAA,OAAO,EAAEN,OADkB;AAE3BL,EAAAA,OAAO,EAAEA;AAFkB,CAAb,CAAhB;;eAKeQ,O","sourceRoot":"C:\\Users\\Tjerk_2\\Desktop\\S4 - Vue FrontEnd\\services\\","sourcesContent":["import axios from 'axios';\r\nimport Host from '@/models/Host';\r\n\r\nlet host = new Host();\r\n\r\nlet headers = {\r\n  'cache-control': 'no-cache'\r\n};\r\n\r\nlet accessToken = localStorage.getItem('jwt-token');\r\nif (accessToken && accessToken !== '') {\r\n    headers.Authorization = accessToken;\r\n};\r\n\r\nlet baseUrl = `https://${host.ip}:${host.port}`;\r\n\r\nconst service = axios.create({\r\n  baseURL: baseUrl,\r\n  headers: headers\r\n});\r\n\r\nexport default service;\r\n\r\n"]},"_coverageSchema":"1a1c01bbd47fc00a2c39e90264f33305004495a9","hash":"9b48ef075ec469e027ab52a305283186f2766855","contentHash":"43a99dc261033223bbef632e6937f9525b6ab87c3123813e423a10fe19e01f56"},"C:\\Users\\Tjerk_2\\Desktop\\S4 - Vue FrontEnd\\models\\Host.js":{"path":"C:\\Users\\Tjerk_2\\Desktop\\S4 - Vue FrontEnd\\models\\Host.js","statementMap":{"0":{"start":{"line":3,"column":0},"end":{"line":5,"column":3}},"1":{"start":{"line":6,"column":0},"end":{"line":6,"column":28}},"2":{"start":{"line":8,"column":50},"end":{"line":8,"column":151}},"3":{"start":{"line":8,"column":92},"end":{"line":8,"column":149}},"4":{"start":{"line":10,"column":11},"end":{"line":17,"column":1}},"5":{"start":{"line":11,"column":2},"end":{"line":11,"column":30}},"6":{"start":{"line":14,"column":2},"end":{"line":14,"column":30}},"7":{"start":{"line":16,"column":2},"end":{"line":16,"column":19}},"8":{"start":{"line":19,"column":0},"end":{"line":19,"column":26}}},"fnMap":{"0":{"name":"_classCallCheck","decl":{"start":{"line":8,"column":9},"end":{"line":8,"column":24}},"loc":{"start":{"line":8,"column":48},"end":{"line":8,"column":153}},"line":8},"1":{"name":"Host","decl":{"start":{"line":10,"column":20},"end":{"line":10,"column":24}},"loc":{"start":{"line":10,"column":27},"end":{"line":17,"column":1}},"line":10}},"branchMap":{"0":{"loc":{"start":{"line":8,"column":50},"end":{"line":8,"column":151}},"type":"if","locations":[{"start":{"line":8,"column":50},"end":{"line":8,"column":151}},{"start":{"line":8,"column":50},"end":{"line":8,"column":151}}],"line":8}},"s":{"0":1,"1":1,"2":1,"3":0,"4":1,"5":1,"6":1,"7":1,"8":1},"f":{"0":1,"1":1},"b":{"0":[0,1]},"inputSourceMap":{"version":3,"sources":["Host.js"],"names":["Host","ip","port"],"mappings":";;;;;;;;;IAAqBA,I,GAEjB,gBAAc;AAAA;;AACV;AACA,OAAKC,EAAL,GAAU,iBAAV,CAFU,CAGV;;AACA,OAAKC,IAAL,GAAY,IAAZ;AACH,C","sourceRoot":"C:\\Users\\Tjerk_2\\Desktop\\S4 - Vue FrontEnd\\models\\","sourcesContent":["export default class Host {\r\n\r\n    constructor() {\r\n        // ip:'145.93.140.178',\r\n        this.ip = '192.168.178.213';\r\n        // ip: 'localhost',\r\n        this.port = 8090;\r\n    }\r\n}"]},"_coverageSchema":"1a1c01bbd47fc00a2c39e90264f33305004495a9","hash":"827c2e05603f07701fe2824249aab8339bef1683","contentHash":"b79b3493244d5de50e9dd62b0cb4b3b1b09a36f5dd352b02cf3589831c0f017a"},"C:\\Users\\Tjerk_2\\Desktop\\S4 - Vue FrontEnd\\data\\reviewdao.js":{"path":"C:\\Users\\Tjerk_2\\Desktop\\S4 - Vue FrontEnd\\data\\reviewdao.js","statementMap":{"0":{"start":{"line":3,"column":0},"end":{"line":5,"column":3}},"1":{"start":{"line":6,"column":0},"end":{"line":6,"column":28}},"2":{"start":{"line":8,"column":15},"end":{"line":8,"column":73}},"3":{"start":{"line":10,"column":39},"end":{"line":10,"column":95}},"4":{"start":{"line":12,"column":77},"end":{"line":12,"column":175}},"5":{"start":{"line":12,"column":94},"end":{"line":12,"column":107}},"6":{"start":{"line":12,"column":121},"end":{"line":12,"column":131}},"7":{"start":{"line":12,"column":151},"end":{"line":12,"column":165}},"8":{"start":{"line":12,"column":166},"end":{"line":12,"column":173}},"9":{"start":{"line":12,"column":176},"end":{"line":12,"column":263}},"10":{"start":{"line":12,"column":193},"end":{"line":12,"column":208}},"11":{"start":{"line":12,"column":218},"end":{"line":12,"column":261}},"12":{"start":{"line":14,"column":33},"end":{"line":14,"column":387}},"13":{"start":{"line":14,"column":65},"end":{"line":14,"column":69}},"14":{"start":{"line":14,"column":78},"end":{"line":14,"column":87}},"15":{"start":{"line":14,"column":89},"end":{"line":14,"column":384}},"16":{"start":{"line":14,"column":147},"end":{"line":14,"column":167}},"17":{"start":{"line":14,"column":193},"end":{"line":14,"column":264}},"18":{"start":{"line":14,"column":290},"end":{"line":14,"column":360}},"19":{"start":{"line":14,"column":363},"end":{"line":14,"column":380}},"20":{"start":{"line":16,"column":50},"end":{"line":16,"column":151}},"21":{"start":{"line":16,"column":92},"end":{"line":16,"column":149}},"22":{"start":{"line":18,"column":44},"end":{"line":18,"column":315}},"23":{"start":{"line":18,"column":57},"end":{"line":18,"column":58}},"24":{"start":{"line":18,"column":102},"end":{"line":18,"column":110}},"25":{"start":{"line":18,"column":112},"end":{"line":18,"column":167}},"26":{"start":{"line":18,"column":168},"end":{"line":18,"column":199}},"27":{"start":{"line":18,"column":200},"end":{"line":18,"column":254}},"28":{"start":{"line":18,"column":227},"end":{"line":18,"column":254}},"29":{"start":{"line":18,"column":255},"end":{"line":18,"column":313}},"30":{"start":{"line":20,"column":62},"end":{"line":20,"column":131}},"31":{"start":{"line":20,"column":78},"end":{"line":20,"column":131}},"32":{"start":{"line":20,"column":132},"end":{"line":20,"column":193}},"33":{"start":{"line":20,"column":149},"end":{"line":20,"column":193}},"34":{"start":{"line":20,"column":194},"end":{"line":20,"column":213}},"35":{"start":{"line":22,"column":15},"end":{"line":22,"column":25}},"36":{"start":{"line":24,"column":29},"end":{"line":148,"column":3}},"37":{"start":{"line":26,"column":4},"end":{"line":26,"column":37}},"38":{"start":{"line":29,"column":2},"end":{"line":145,"column":6}},"39":{"start":{"line":32,"column":36},"end":{"line":58,"column":9}},"40":{"start":{"line":34,"column":8},"end":{"line":57,"column":36}},"41":{"start":{"line":35,"column":10},"end":{"line":56,"column":11}},"42":{"start":{"line":36,"column":12},"end":{"line":55,"column":13}},"43":{"start":{"line":38,"column":16},"end":{"line":38,"column":34}},"44":{"start":{"line":39,"column":16},"end":{"line":39,"column":66}},"45":{"start":{"line":40,"column":16},"end":{"line":40,"column":34}},"46":{"start":{"line":41,"column":16},"end":{"line":41,"column":52}},"47":{"start":{"line":44,"column":16},"end":{"line":44,"column":36}},"48":{"start":{"line":45,"column":16},"end":{"line":45,"column":59}},"49":{"start":{"line":48,"column":16},"end":{"line":48,"column":34}},"50":{"start":{"line":49,"column":16},"end":{"line":49,"column":51}},"51":{"start":{"line":50,"column":16},"end":{"line":50,"column":43}},"52":{"start":{"line":54,"column":16},"end":{"line":54,"column":39}},"53":{"start":{"line":61,"column":8},"end":{"line":61,"column":62}},"54":{"start":{"line":64,"column":6},"end":{"line":64,"column":36}},"55":{"start":{"line":69,"column":23},"end":{"line":95,"column":9}},"56":{"start":{"line":71,"column":8},"end":{"line":94,"column":37}},"57":{"start":{"line":72,"column":10},"end":{"line":93,"column":11}},"58":{"start":{"line":73,"column":12},"end":{"line":92,"column":13}},"59":{"start":{"line":75,"column":16},"end":{"line":75,"column":35}},"60":{"start":{"line":76,"column":16},"end":{"line":76,"column":50}},"61":{"start":{"line":77,"column":16},"end":{"line":77,"column":35}},"62":{"start":{"line":78,"column":16},"end":{"line":78,"column":61}},"63":{"start":{"line":81,"column":16},"end":{"line":81,"column":37}},"64":{"start":{"line":82,"column":16},"end":{"line":82,"column":60}},"65":{"start":{"line":85,"column":16},"end":{"line":85,"column":35}},"66":{"start":{"line":86,"column":16},"end":{"line":86,"column":53}},"67":{"start":{"line":87,"column":16},"end":{"line":87,"column":44}},"68":{"start":{"line":91,"column":16},"end":{"line":91,"column":40}},"69":{"start":{"line":98,"column":8},"end":{"line":98,"column":49}},"70":{"start":{"line":101,"column":6},"end":{"line":101,"column":23}},"71":{"start":{"line":106,"column":24},"end":{"line":137,"column":9}},"72":{"start":{"line":108,"column":8},"end":{"line":136,"column":37}},"73":{"start":{"line":109,"column":10},"end":{"line":135,"column":11}},"74":{"start":{"line":110,"column":12},"end":{"line":134,"column":13}},"75":{"start":{"line":112,"column":16},"end":{"line":112,"column":35}},"76":{"start":{"line":113,"column":16},"end":{"line":113,"column":51}},"77":{"start":{"line":114,"column":16},"end":{"line":114,"column":35}},"78":{"start":{"line":115,"column":16},"end":{"line":120,"column":19}},"79":{"start":{"line":123,"column":16},"end":{"line":123,"column":37}},"80":{"start":{"line":124,"column":16},"end":{"line":124,"column":60}},"81":{"start":{"line":127,"column":16},"end":{"line":127,"column":35}},"82":{"start":{"line":128,"column":16},"end":{"line":128,"column":53}},"83":{"start":{"line":129,"column":16},"end":{"line":129,"column":44}},"84":{"start":{"line":133,"column":16},"end":{"line":133,"column":40}},"85":{"start":{"line":140,"column":8},"end":{"line":140,"column":50}},"86":{"start":{"line":143,"column":6},"end":{"line":143,"column":24}},"87":{"start":{"line":147,"column":2},"end":{"line":147,"column":19}},"88":{"start":{"line":150,"column":0},"end":{"line":150,"column":31}}},"fnMap":{"0":{"name":"_interopRequireDefault","decl":{"start":{"line":10,"column":9},"end":{"line":10,"column":31}},"loc":{"start":{"line":10,"column":37},"end":{"line":10,"column":97}},"line":10},"1":{"name":"asyncGeneratorStep","decl":{"start":{"line":12,"column":9},"end":{"line":12,"column":27}},"loc":{"start":{"line":12,"column":75},"end":{"line":12,"column":265}},"line":12},"2":{"name":"_asyncToGenerator","decl":{"start":{"line":14,"column":9},"end":{"line":14,"column":26}},"loc":{"start":{"line":14,"column":31},"end":{"line":14,"column":389}},"line":14},"3":{"name":"(anonymous_3)","decl":{"start":{"line":14,"column":40},"end":{"line":14,"column":41}},"loc":{"start":{"line":14,"column":52},"end":{"line":14,"column":386}},"line":14},"4":{"name":"(anonymous_4)","decl":{"start":{"line":14,"column":108},"end":{"line":14,"column":109}},"loc":{"start":{"line":14,"column":135},"end":{"line":14,"column":382}},"line":14},"5":{"name":"_next","decl":{"start":{"line":14,"column":178},"end":{"line":14,"column":183}},"loc":{"start":{"line":14,"column":191},"end":{"line":14,"column":266}},"line":14},"6":{"name":"_throw","decl":{"start":{"line":14,"column":276},"end":{"line":14,"column":282}},"loc":{"start":{"line":14,"column":288},"end":{"line":14,"column":362}},"line":14},"7":{"name":"_classCallCheck","decl":{"start":{"line":16,"column":9},"end":{"line":16,"column":24}},"loc":{"start":{"line":16,"column":48},"end":{"line":16,"column":153}},"line":16},"8":{"name":"_defineProperties","decl":{"start":{"line":18,"column":9},"end":{"line":18,"column":26}},"loc":{"start":{"line":18,"column":42},"end":{"line":18,"column":317}},"line":18},"9":{"name":"_createClass","decl":{"start":{"line":20,"column":9},"end":{"line":20,"column":21}},"loc":{"start":{"line":20,"column":60},"end":{"line":20,"column":215}},"line":20},"10":{"name":"(anonymous_10)","decl":{"start":{"line":24,"column":29},"end":{"line":24,"column":30}},"loc":{"start":{"line":24,"column":41},"end":{"line":148,"column":1}},"line":24},"11":{"name":"ReviewDao","decl":{"start":{"line":25,"column":11},"end":{"line":25,"column":20}},"loc":{"start":{"line":25,"column":23},"end":{"line":27,"column":3}},"line":25},"12":{"name":"(anonymous_12)","decl":{"start":{"line":31,"column":11},"end":{"line":31,"column":12}},"loc":{"start":{"line":31,"column":23},"end":{"line":65,"column":5}},"line":31},"13":{"name":"_callee","decl":{"start":{"line":32,"column":101},"end":{"line":32,"column":108}},"loc":{"start":{"line":32,"column":113},"end":{"line":58,"column":7}},"line":32},"14":{"name":"_callee$","decl":{"start":{"line":34,"column":48},"end":{"line":34,"column":56}},"loc":{"start":{"line":34,"column":67},"end":{"line":57,"column":9}},"line":34},"15":{"name":"getAllReviewsByProduct","decl":{"start":{"line":60,"column":15},"end":{"line":60,"column":37}},"loc":{"start":{"line":60,"column":42},"end":{"line":62,"column":7}},"line":60},"16":{"name":"(anonymous_16)","decl":{"start":{"line":68,"column":11},"end":{"line":68,"column":12}},"loc":{"start":{"line":68,"column":23},"end":{"line":102,"column":5}},"line":68},"17":{"name":"_callee2","decl":{"start":{"line":69,"column":88},"end":{"line":69,"column":96}},"loc":{"start":{"line":69,"column":105},"end":{"line":95,"column":7}},"line":69},"18":{"name":"_callee2$","decl":{"start":{"line":71,"column":48},"end":{"line":71,"column":57}},"loc":{"start":{"line":71,"column":69},"end":{"line":94,"column":9}},"line":71},"19":{"name":"addReview","decl":{"start":{"line":97,"column":15},"end":{"line":97,"column":24}},"loc":{"start":{"line":97,"column":30},"end":{"line":99,"column":7}},"line":97},"20":{"name":"(anonymous_20)","decl":{"start":{"line":105,"column":11},"end":{"line":105,"column":12}},"loc":{"start":{"line":105,"column":23},"end":{"line":144,"column":5}},"line":105},"21":{"name":"_callee3","decl":{"start":{"line":106,"column":89},"end":{"line":106,"column":97}},"loc":{"start":{"line":106,"column":116},"end":{"line":137,"column":7}},"line":106},"22":{"name":"_callee3$","decl":{"start":{"line":108,"column":48},"end":{"line":108,"column":57}},"loc":{"start":{"line":108,"column":69},"end":{"line":136,"column":9}},"line":108},"23":{"name":"likeReview","decl":{"start":{"line":139,"column":15},"end":{"line":139,"column":25}},"loc":{"start":{"line":139,"column":36},"end":{"line":141,"column":7}},"line":139}},"branchMap":{"0":{"loc":{"start":{"line":10,"column":46},"end":{"line":10,"column":94}},"type":"cond-expr","locations":[{"start":{"line":10,"column":70},"end":{"line":10,"column":73}},{"start":{"line":10,"column":76},"end":{"line":10,"column":94}}],"line":10},"1":{"loc":{"start":{"line":10,"column":46},"end":{"line":10,"column":67}},"type":"binary-expr","locations":[{"start":{"line":10,"column":46},"end":{"line":10,"column":49}},{"start":{"line":10,"column":53},"end":{"line":10,"column":67}}],"line":10},"2":{"loc":{"start":{"line":12,"column":176},"end":{"line":12,"column":263}},"type":"if","locations":[{"start":{"line":12,"column":176},"end":{"line":12,"column":263}},{"start":{"line":12,"column":176},"end":{"line":12,"column":263}}],"line":12},"3":{"loc":{"start":{"line":16,"column":50},"end":{"line":16,"column":151}},"type":"if","locations":[{"start":{"line":16,"column":50},"end":{"line":16,"column":151}},{"start":{"line":16,"column":50},"end":{"line":16,"column":151}}],"line":16},"4":{"loc":{"start":{"line":18,"column":136},"end":{"line":18,"column":166}},"type":"binary-expr","locations":[{"start":{"line":18,"column":136},"end":{"line":18,"column":157}},{"start":{"line":18,"column":161},"end":{"line":18,"column":166}}],"line":18},"5":{"loc":{"start":{"line":18,"column":200},"end":{"line":18,"column":254}},"type":"if","locations":[{"start":{"line":18,"column":200},"end":{"line":18,"column":254}},{"start":{"line":18,"column":200},"end":{"line":18,"column":254}}],"line":18},"6":{"loc":{"start":{"line":20,"column":62},"end":{"line":20,"column":131}},"type":"if","locations":[{"start":{"line":20,"column":62},"end":{"line":20,"column":131}},{"start":{"line":20,"column":62},"end":{"line":20,"column":131}}],"line":20},"7":{"loc":{"start":{"line":20,"column":132},"end":{"line":20,"column":193}},"type":"if","locations":[{"start":{"line":20,"column":132},"end":{"line":20,"column":193}},{"start":{"line":20,"column":132},"end":{"line":20,"column":193}}],"line":20},"8":{"loc":{"start":{"line":36,"column":12},"end":{"line":55,"column":13}},"type":"switch","locations":[{"start":{"line":37,"column":14},"end":{"line":41,"column":52}},{"start":{"line":43,"column":14},"end":{"line":45,"column":59}},{"start":{"line":47,"column":14},"end":{"line":50,"column":43}},{"start":{"line":52,"column":14},"end":{"line":52,"column":22}},{"start":{"line":53,"column":14},"end":{"line":54,"column":39}}],"line":36},"9":{"loc":{"start":{"line":73,"column":12},"end":{"line":92,"column":13}},"type":"switch","locations":[{"start":{"line":74,"column":14},"end":{"line":78,"column":61}},{"start":{"line":80,"column":14},"end":{"line":82,"column":60}},{"start":{"line":84,"column":14},"end":{"line":87,"column":44}},{"start":{"line":89,"column":14},"end":{"line":89,"column":22}},{"start":{"line":90,"column":14},"end":{"line":91,"column":40}}],"line":73},"10":{"loc":{"start":{"line":110,"column":12},"end":{"line":134,"column":13}},"type":"switch","locations":[{"start":{"line":111,"column":14},"end":{"line":120,"column":19}},{"start":{"line":122,"column":14},"end":{"line":124,"column":60}},{"start":{"line":126,"column":14},"end":{"line":129,"column":44}},{"start":{"line":131,"column":14},"end":{"line":131,"column":22}},{"start":{"line":132,"column":14},"end":{"line":133,"column":40}}],"line":110}},"s":{"0":1,"1":1,"2":1,"3":1,"4":0,"5":0,"6":0,"7":0,"8":0,"9":0,"10":0,"11":0,"12":3,"13":0,"14":0,"15":0,"16":0,"17":0,"18":0,"19":0,"20":1,"21":0,"22":1,"23":1,"24":3,"25":3,"26":3,"27":3,"28":3,"29":3,"30":1,"31":1,"32":1,"33":0,"34":1,"35":1,"36":1,"37":1,"38":1,"39":1,"40":0,"41":0,"42":0,"43":0,"44":0,"45":0,"46":0,"47":0,"48":0,"49":0,"50":0,"51":0,"52":0,"53":0,"54":1,"55":1,"56":0,"57":0,"58":0,"59":0,"60":0,"61":0,"62":0,"63":0,"64":0,"65":0,"66":0,"67":0,"68":0,"69":0,"70":1,"71":1,"72":0,"73":0,"74":0,"75":0,"76":0,"77":0,"78":0,"79":0,"80":0,"81":0,"82":0,"83":0,"84":0,"85":0,"86":1,"87":1,"88":1},"f":{"0":1,"1":0,"2":3,"3":0,"4":0,"5":0,"6":0,"7":1,"8":1,"9":1,"10":1,"11":1,"12":1,"13":0,"14":0,"15":0,"16":1,"17":0,"18":0,"19":0,"20":1,"21":0,"22":0,"23":0},"b":{"0":[1,0],"1":[1,1],"2":[0,0],"3":[0,1],"4":[3,3],"5":[3,0],"6":[1,0],"7":[0,1],"8":[0,0,0,0,0],"9":[0,0,0,0,0],"10":[0,0,0,0,0]},"inputSourceMap":{"version":3,"sources":["reviewdao.js"],"names":["basePath","ReviewDao","id","url","axios","get","res","data","console","error","review","post","userId","reviewId","params"],"mappings":";;;;;;;AAAA;;;;;;;;;;;;;;AAEA,IAAIA,QAAQ,GAAG,UAAf;;IAEqBC,S;;;;;;;;6GAEYC,E;;;;;;;AAGjBC,gBAAAA,G,aAASH,Q,sBAAoBE,E;;uBAEjBE,oBAAMC,GAAN,CAAUF,GAAV,C;;;AAAZG,gBAAAA,G;iDAEGA,GAAG,CAACC,I;;;;;AAGXC,gBAAAA,OAAO,CAACC,KAAR;;;;;;;;;;;;;;;;;;;iGAIQC,M;;;;;;;AAIJP,gBAAAA,G,aAASH,Q;;uBAEGI,oBAAMO,IAAN,CAAWR,GAAX,EAAgBO,MAAhB,C;;;AAAZJ,gBAAAA,G;kDAEGA,GAAG,CAACC,I;;;;;AAGXC,gBAAAA,OAAO,CAACC,KAAR;;;;;;;;;;;;;;;;;;;kGAISG,M,EAAQC,Q;;;;;;;AAIbV,gBAAAA,G,aAASH,Q;;uBAEGI,oBAAMC,GAAN,CAAYF,GAAZ,EAAiB;AAC7BW,kBAAAA,MAAM,EAAE;AAAEF,oBAAAA,MAAM,EAAEA,MAAV;AAAkBC,oBAAAA,QAAQ,EAAEA;AAA5B;AADqB,iBAAjB,C;;;AAAZP,gBAAAA,G;kDAIGA,GAAG,CAACC,I;;;;;AAGXC,gBAAAA,OAAO,CAACC,KAAR","sourceRoot":"C:\\Users\\Tjerk_2\\Desktop\\S4 - Vue FrontEnd\\data\\","sourcesContent":["import axios from '@/services/base-api.js';\r\n\r\nlet basePath = '/reviews';\r\n\r\nexport default class ReviewDao {\r\n\r\n    async getAllReviewsByProduct(id) {\r\n\r\n        try {        \r\n            let url = `${basePath}/product/${id}`;\r\n\r\n            let res = await axios.get(url);\r\n\r\n            return res.data;\r\n        }\r\n        catch (err) {\r\n            console.error(err);\r\n        }\r\n    }\r\n\r\n    async addReview(review) {\r\n\r\n        try {\r\n\r\n            let url = `${basePath}/add`;\r\n            \r\n            let res = await axios.post(url, review);\r\n\r\n            return res.data;\r\n        }\r\n        catch(err) {\r\n            console.error(err);\r\n        }\r\n    }\r\n\r\n    async likeReview(userId, reviewId) {\r\n\r\n        try {\r\n\r\n            let url = `${basePath}/like`;\r\n            \r\n            let res = await axios.get  (url, {\r\n                params: { userId: userId, reviewId: reviewId }   \r\n            });\r\n\r\n            return res.data;\r\n        }\r\n        catch(err) {\r\n            console.error(err);\r\n        } \r\n    }\r\n\r\n}\r\n\r\n"]},"_coverageSchema":"1a1c01bbd47fc00a2c39e90264f33305004495a9","hash":"88b91bdf22cd7bceaac2614fd7d1a71111fccb6c","contentHash":"15932dd8f0ee3b53d83e2ff39bd64ea146301f3d49df62ef37ef78053c17bb7a"},"C:\\Users\\Tjerk_2\\Desktop\\S4 - Vue FrontEnd\\logic\\CategoryLogic.js":{"path":"C:\\Users\\Tjerk_2\\Desktop\\S4 - Vue FrontEnd\\logic\\CategoryLogic.js","statementMap":{"0":{"start":{"line":3,"column":0},"end":{"line":5,"column":3}},"1":{"start":{"line":6,"column":0},"end":{"line":6,"column":28}},"2":{"start":{"line":8,"column":18},"end":{"line":8,"column":74}},"3":{"start":{"line":10,"column":39},"end":{"line":10,"column":95}},"4":{"start":{"line":12,"column":77},"end":{"line":12,"column":175}},"5":{"start":{"line":12,"column":94},"end":{"line":12,"column":107}},"6":{"start":{"line":12,"column":121},"end":{"line":12,"column":131}},"7":{"start":{"line":12,"column":151},"end":{"line":12,"column":165}},"8":{"start":{"line":12,"column":166},"end":{"line":12,"column":173}},"9":{"start":{"line":12,"column":176},"end":{"line":12,"column":263}},"10":{"start":{"line":12,"column":193},"end":{"line":12,"column":208}},"11":{"start":{"line":12,"column":218},"end":{"line":12,"column":261}},"12":{"start":{"line":14,"column":33},"end":{"line":14,"column":387}},"13":{"start":{"line":14,"column":65},"end":{"line":14,"column":69}},"14":{"start":{"line":14,"column":78},"end":{"line":14,"column":87}},"15":{"start":{"line":14,"column":89},"end":{"line":14,"column":384}},"16":{"start":{"line":14,"column":147},"end":{"line":14,"column":167}},"17":{"start":{"line":14,"column":193},"end":{"line":14,"column":264}},"18":{"start":{"line":14,"column":290},"end":{"line":14,"column":360}},"19":{"start":{"line":14,"column":363},"end":{"line":14,"column":380}},"20":{"start":{"line":16,"column":50},"end":{"line":16,"column":151}},"21":{"start":{"line":16,"column":92},"end":{"line":16,"column":149}},"22":{"start":{"line":18,"column":44},"end":{"line":18,"column":315}},"23":{"start":{"line":18,"column":57},"end":{"line":18,"column":58}},"24":{"start":{"line":18,"column":102},"end":{"line":18,"column":110}},"25":{"start":{"line":18,"column":112},"end":{"line":18,"column":167}},"26":{"start":{"line":18,"column":168},"end":{"line":18,"column":199}},"27":{"start":{"line":18,"column":200},"end":{"line":18,"column":254}},"28":{"start":{"line":18,"column":227},"end":{"line":18,"column":254}},"29":{"start":{"line":18,"column":255},"end":{"line":18,"column":313}},"30":{"start":{"line":20,"column":62},"end":{"line":20,"column":131}},"31":{"start":{"line":20,"column":78},"end":{"line":20,"column":131}},"32":{"start":{"line":20,"column":132},"end":{"line":20,"column":193}},"33":{"start":{"line":20,"column":149},"end":{"line":20,"column":193}},"34":{"start":{"line":20,"column":194},"end":{"line":20,"column":213}},"35":{"start":{"line":22,"column":33},"end":{"line":104,"column":3}},"36":{"start":{"line":24,"column":4},"end":{"line":24,"column":41}},"37":{"start":{"line":26,"column":4},"end":{"line":26,"column":51}},"38":{"start":{"line":29,"column":2},"end":{"line":101,"column":6}},"39":{"start":{"line":32,"column":27},"end":{"line":79,"column":9}},"40":{"start":{"line":33,"column":20},"end":{"line":33,"column":24}},"41":{"start":{"line":37,"column":8},"end":{"line":78,"column":26}},"42":{"start":{"line":38,"column":10},"end":{"line":77,"column":11}},"43":{"start":{"line":39,"column":12},"end":{"line":76,"column":13}},"44":{"start":{"line":41,"column":16},"end":{"line":41,"column":30}},"45":{"start":{"line":43,"column":16},"end":{"line":46,"column":17}},"46":{"start":{"line":44,"column":18},"end":{"line":44,"column":36}},"47":{"start":{"line":45,"column":18},"end":{"line":45,"column":24}},"48":{"start":{"line":48,"column":16},"end":{"line":48,"column":34}},"49":{"start":{"line":49,"column":16},"end":{"line":49,"column":56}},"50":{"start":{"line":52,"column":16},"end":{"line":52,"column":41}},"51":{"start":{"line":53,"column":16},"end":{"line":53,"column":36}},"52":{"start":{"line":54,"column":16},"end":{"line":54,"column":35}},"53":{"start":{"line":55,"column":16},"end":{"line":55,"column":22}},"54":{"start":{"line":58,"column":16},"end":{"line":58,"column":57}},"55":{"start":{"line":59,"column":16},"end":{"line":59,"column":35}},"56":{"start":{"line":60,"column":16},"end":{"line":60,"column":71}},"57":{"start":{"line":63,"column":16},"end":{"line":63,"column":42}},"58":{"start":{"line":64,"column":16},"end":{"line":64,"column":37}},"59":{"start":{"line":68,"column":16},"end":{"line":70,"column":19}},"60":{"start":{"line":69,"column":18},"end":{"line":69,"column":84}},"61":{"start":{"line":71,"column":16},"end":{"line":71,"column":59}},"62":{"start":{"line":75,"column":16},"end":{"line":75,"column":39}},"63":{"start":{"line":82,"column":8},"end":{"line":82,"column":53}},"64":{"start":{"line":85,"column":6},"end":{"line":85,"column":27}},"65":{"start":{"line":91,"column":30},"end":{"line":91,"column":71}},"66":{"start":{"line":93,"column":6},"end":{"line":93,"column":97}},"67":{"start":{"line":94,"column":6},"end":{"line":94,"column":31}},"68":{"start":{"line":99,"column":6},"end":{"line":99,"column":55}},"69":{"start":{"line":103,"column":2},"end":{"line":103,"column":23}},"70":{"start":{"line":106,"column":0},"end":{"line":106,"column":35}}},"fnMap":{"0":{"name":"_interopRequireDefault","decl":{"start":{"line":10,"column":9},"end":{"line":10,"column":31}},"loc":{"start":{"line":10,"column":37},"end":{"line":10,"column":97}},"line":10},"1":{"name":"asyncGeneratorStep","decl":{"start":{"line":12,"column":9},"end":{"line":12,"column":27}},"loc":{"start":{"line":12,"column":75},"end":{"line":12,"column":265}},"line":12},"2":{"name":"_asyncToGenerator","decl":{"start":{"line":14,"column":9},"end":{"line":14,"column":26}},"loc":{"start":{"line":14,"column":31},"end":{"line":14,"column":389}},"line":14},"3":{"name":"(anonymous_3)","decl":{"start":{"line":14,"column":40},"end":{"line":14,"column":41}},"loc":{"start":{"line":14,"column":52},"end":{"line":14,"column":386}},"line":14},"4":{"name":"(anonymous_4)","decl":{"start":{"line":14,"column":108},"end":{"line":14,"column":109}},"loc":{"start":{"line":14,"column":135},"end":{"line":14,"column":382}},"line":14},"5":{"name":"_next","decl":{"start":{"line":14,"column":178},"end":{"line":14,"column":183}},"loc":{"start":{"line":14,"column":191},"end":{"line":14,"column":266}},"line":14},"6":{"name":"_throw","decl":{"start":{"line":14,"column":276},"end":{"line":14,"column":282}},"loc":{"start":{"line":14,"column":288},"end":{"line":14,"column":362}},"line":14},"7":{"name":"_classCallCheck","decl":{"start":{"line":16,"column":9},"end":{"line":16,"column":24}},"loc":{"start":{"line":16,"column":48},"end":{"line":16,"column":153}},"line":16},"8":{"name":"_defineProperties","decl":{"start":{"line":18,"column":9},"end":{"line":18,"column":26}},"loc":{"start":{"line":18,"column":42},"end":{"line":18,"column":317}},"line":18},"9":{"name":"_createClass","decl":{"start":{"line":20,"column":9},"end":{"line":20,"column":21}},"loc":{"start":{"line":20,"column":60},"end":{"line":20,"column":215}},"line":20},"10":{"name":"(anonymous_10)","decl":{"start":{"line":22,"column":33},"end":{"line":22,"column":34}},"loc":{"start":{"line":22,"column":45},"end":{"line":104,"column":1}},"line":22},"11":{"name":"CategoryLogic","decl":{"start":{"line":23,"column":11},"end":{"line":23,"column":24}},"loc":{"start":{"line":23,"column":27},"end":{"line":27,"column":3}},"line":23},"12":{"name":"(anonymous_12)","decl":{"start":{"line":31,"column":11},"end":{"line":31,"column":12}},"loc":{"start":{"line":31,"column":23},"end":{"line":86,"column":5}},"line":31},"13":{"name":"_callee","decl":{"start":{"line":32,"column":92},"end":{"line":32,"column":99}},"loc":{"start":{"line":32,"column":110},"end":{"line":79,"column":7}},"line":32},"14":{"name":"_callee$","decl":{"start":{"line":37,"column":48},"end":{"line":37,"column":56}},"loc":{"start":{"line":37,"column":67},"end":{"line":78,"column":9}},"line":37},"15":{"name":"(anonymous_15)","decl":{"start":{"line":68,"column":29},"end":{"line":68,"column":30}},"loc":{"start":{"line":68,"column":42},"end":{"line":70,"column":17}},"line":68},"16":{"name":"getByCategory","decl":{"start":{"line":81,"column":15},"end":{"line":81,"column":28}},"loc":{"start":{"line":81,"column":33},"end":{"line":83,"column":7}},"line":81},"17":{"name":"toReadableCategory","decl":{"start":{"line":89,"column":20},"end":{"line":89,"column":38}},"loc":{"start":{"line":89,"column":49},"end":{"line":95,"column":5}},"line":89},"18":{"name":"toRestCategory","decl":{"start":{"line":98,"column":20},"end":{"line":98,"column":34}},"loc":{"start":{"line":98,"column":45},"end":{"line":100,"column":5}},"line":98}},"branchMap":{"0":{"loc":{"start":{"line":10,"column":46},"end":{"line":10,"column":94}},"type":"cond-expr","locations":[{"start":{"line":10,"column":70},"end":{"line":10,"column":73}},{"start":{"line":10,"column":76},"end":{"line":10,"column":94}}],"line":10},"1":{"loc":{"start":{"line":10,"column":46},"end":{"line":10,"column":67}},"type":"binary-expr","locations":[{"start":{"line":10,"column":46},"end":{"line":10,"column":49}},{"start":{"line":10,"column":53},"end":{"line":10,"column":67}}],"line":10},"2":{"loc":{"start":{"line":12,"column":176},"end":{"line":12,"column":263}},"type":"if","locations":[{"start":{"line":12,"column":176},"end":{"line":12,"column":263}},{"start":{"line":12,"column":176},"end":{"line":12,"column":263}}],"line":12},"3":{"loc":{"start":{"line":16,"column":50},"end":{"line":16,"column":151}},"type":"if","locations":[{"start":{"line":16,"column":50},"end":{"line":16,"column":151}},{"start":{"line":16,"column":50},"end":{"line":16,"column":151}}],"line":16},"4":{"loc":{"start":{"line":18,"column":136},"end":{"line":18,"column":166}},"type":"binary-expr","locations":[{"start":{"line":18,"column":136},"end":{"line":18,"column":157}},{"start":{"line":18,"column":161},"end":{"line":18,"column":166}}],"line":18},"5":{"loc":{"start":{"line":18,"column":200},"end":{"line":18,"column":254}},"type":"if","locations":[{"start":{"line":18,"column":200},"end":{"line":18,"column":254}},{"start":{"line":18,"column":200},"end":{"line":18,"column":254}}],"line":18},"6":{"loc":{"start":{"line":20,"column":62},"end":{"line":20,"column":131}},"type":"if","locations":[{"start":{"line":20,"column":62},"end":{"line":20,"column":131}},{"start":{"line":20,"column":62},"end":{"line":20,"column":131}}],"line":20},"7":{"loc":{"start":{"line":20,"column":132},"end":{"line":20,"column":193}},"type":"if","locations":[{"start":{"line":20,"column":132},"end":{"line":20,"column":193}},{"start":{"line":20,"column":132},"end":{"line":20,"column":193}}],"line":20},"8":{"loc":{"start":{"line":39,"column":12},"end":{"line":76,"column":13}},"type":"switch","locations":[{"start":{"line":40,"column":14},"end":{"line":49,"column":56}},{"start":{"line":51,"column":14},"end":{"line":55,"column":22}},{"start":{"line":57,"column":14},"end":{"line":60,"column":71}},{"start":{"line":62,"column":14},"end":{"line":64,"column":37}},{"start":{"line":66,"column":14},"end":{"line":71,"column":59}},{"start":{"line":73,"column":14},"end":{"line":73,"column":22}},{"start":{"line":74,"column":14},"end":{"line":75,"column":39}}],"line":39},"9":{"loc":{"start":{"line":43,"column":16},"end":{"line":46,"column":17}},"type":"if","locations":[{"start":{"line":43,"column":16},"end":{"line":46,"column":17}},{"start":{"line":43,"column":16},"end":{"line":46,"column":17}}],"line":43}},"s":{"0":1,"1":1,"2":1,"3":1,"4":0,"5":0,"6":0,"7":0,"8":0,"9":0,"10":0,"11":0,"12":1,"13":0,"14":0,"15":0,"16":0,"17":0,"18":0,"19":0,"20":3,"21":0,"22":1,"23":1,"24":3,"25":3,"26":3,"27":3,"28":3,"29":3,"30":1,"31":1,"32":1,"33":0,"34":1,"35":1,"36":3,"37":3,"38":1,"39":1,"40":0,"41":0,"42":0,"43":0,"44":0,"45":0,"46":0,"47":0,"48":0,"49":0,"50":0,"51":0,"52":0,"53":0,"54":0,"55":0,"56":0,"57":0,"58":0,"59":0,"60":0,"61":0,"62":0,"63":0,"64":1,"65":2,"66":2,"67":2,"68":0,"69":1,"70":1},"f":{"0":1,"1":0,"2":1,"3":0,"4":0,"5":0,"6":0,"7":3,"8":1,"9":1,"10":1,"11":3,"12":1,"13":0,"14":0,"15":0,"16":0,"17":2,"18":0},"b":{"0":[1,0],"1":[1,1],"2":[0,0],"3":[0,3],"4":[3,3],"5":[3,0],"6":[1,0],"7":[0,1],"8":[0,0,0,0,0,0,0],"9":[0,0]},"inputSourceMap":{"version":3,"sources":["CategoryLogic.js"],"names":["CategoryLogic","ProductDao","category","products","getAllProducts","response","toRestCategory","getProductsByCategory","map","x","toReadableCategory","formattedCategory","replace","toLowerCase","charAt","toUpperCase","slice"],"mappings":";;;;;;;AAAA;;;;;;;;;;;;;;IAEqBA,a;AAEjB,2BAAc;AAAA;;AACV,SAAKC,UAAL,GAAkB,IAAIA,sBAAJ,EAAlB;AACH;;;;;oGAEmBC,Q;;;;;;;;;AAEZC,gBAAAA,Q,GAAW,E;;sBACZD,QAAQ,IAAI,K;;;;;;uBACU,KAAKD,UAAL,CAAgBG,cAAhB,E;;;AAAjBC,gBAAAA,Q;AACJF,gBAAAA,QAAQ,GAAGE,QAAX;;;;;AAGAH,gBAAAA,QAAQ,GAAG,KAAKI,cAAL,CAAoBJ,QAApB,CAAX;;uBACqB,KAAKD,UAAL,CAAgBM,qBAAhB,CAAsCL,QAAtC,C;;;AAAjBG,gBAAAA,S;AACJF,gBAAAA,QAAQ,GAAGE,SAAX;;;AAEJ;AACAF,gBAAAA,QAAQ,CAACK,GAAT,CAAa,UAAAC,CAAC;AAAA,yBAAIA,CAAC,CAACP,QAAF,GAAa,KAAI,CAACQ,kBAAL,CAAwBD,CAAC,CAACP,QAAF,CAAWA,QAAnC,CAAjB;AAAA,iBAAd;iDAEOC,Q;;;;;;;;;;;;;;;;;;uCAGQD,Q,EAAU;AAEzB;AACA,UAAIS,iBAAiB,GAAGT,QAAQ,CAACU,OAAT,CAAiB,IAAjB,EAAsB,GAAtB,EACnBC,WADmB,EAAxB,CAHyB,CAMzB;;AACAF,MAAAA,iBAAiB,GAAGA,iBAAiB,CAChCG,MADe,CACR,CADQ,EACLC,WADK,KAEdJ,iBAAiB,CAACK,KAAlB,CAAwB,CAAxB,CAFN;AAIA,aAAOL,iBAAP;AACH;;;mCAEcT,Q,EAAU;AACrB,aAAOA,QAAQ,CAACU,OAAT,CAAiB,IAAjB,EAAsB,GAAtB,EACNG,WADM,EAAP;AAEH","sourceRoot":"C:\\Users\\Tjerk_2\\Desktop\\S4 - Vue FrontEnd\\logic\\","sourcesContent":["import ProductDao from '@/data/ProductDao.js';\r\n\r\nexport default class CategoryLogic {\r\n\r\n    constructor() {\r\n        this.ProductDao = new ProductDao();\r\n    }\r\n\r\n    async getByCategory(category) {\r\n\r\n        let products = [];\r\n        if(category == 'All') {\r\n            let response = await this.ProductDao.getAllProducts()\r\n            products = response;\r\n        }   \r\n        else {\r\n            category = this.toRestCategory(category);\r\n            let response = await this.ProductDao.getProductsByCategory(category)\r\n            products = response;\r\n        }\r\n        //category is saved as enum object\r\n        products.map(x => x.category = this.toReadableCategory(x.category.category));\r\n        \r\n        return products;\r\n    }\r\n\r\n    toReadableCategory(category) {\r\n                    \r\n        // replace _ with JS global regex to 'space' and set all chars to lowercase\r\n        let formattedCategory = category.replace(/_/g,' ')\r\n            .toLowerCase();\r\n        \r\n        // first char to uppercase\r\n        formattedCategory = formattedCategory\r\n            .charAt(0).toUpperCase()\r\n            + formattedCategory.slice(1);\r\n\r\n        return formattedCategory;\r\n    }\r\n\r\n    toRestCategory(category) {                     \r\n        return category.replace(/ /g,'_')\r\n        .toUpperCase();    \r\n    }\r\n}"]},"_coverageSchema":"1a1c01bbd47fc00a2c39e90264f33305004495a9","hash":"669805c62a0768c32ec0a8aaa3a18d2bd2750e37","contentHash":"0acb52ab6bb1dc21f4593b4fcbf277d9bc6e8d4ad78e6c0fa0a3fd62224b1445"},"C:\\Users\\Tjerk_2\\Desktop\\S4 - Vue FrontEnd\\data\\ProductDao.js":{"path":"C:\\Users\\Tjerk_2\\Desktop\\S4 - Vue FrontEnd\\data\\ProductDao.js","statementMap":{"0":{"start":{"line":3,"column":0},"end":{"line":5,"column":3}},"1":{"start":{"line":6,"column":0},"end":{"line":6,"column":28}},"2":{"start":{"line":8,"column":15},"end":{"line":8,"column":73}},"3":{"start":{"line":10,"column":39},"end":{"line":10,"column":95}},"4":{"start":{"line":12,"column":77},"end":{"line":12,"column":175}},"5":{"start":{"line":12,"column":94},"end":{"line":12,"column":107}},"6":{"start":{"line":12,"column":121},"end":{"line":12,"column":131}},"7":{"start":{"line":12,"column":151},"end":{"line":12,"column":165}},"8":{"start":{"line":12,"column":166},"end":{"line":12,"column":173}},"9":{"start":{"line":12,"column":176},"end":{"line":12,"column":263}},"10":{"start":{"line":12,"column":193},"end":{"line":12,"column":208}},"11":{"start":{"line":12,"column":218},"end":{"line":12,"column":261}},"12":{"start":{"line":14,"column":33},"end":{"line":14,"column":387}},"13":{"start":{"line":14,"column":65},"end":{"line":14,"column":69}},"14":{"start":{"line":14,"column":78},"end":{"line":14,"column":87}},"15":{"start":{"line":14,"column":89},"end":{"line":14,"column":384}},"16":{"start":{"line":14,"column":147},"end":{"line":14,"column":167}},"17":{"start":{"line":14,"column":193},"end":{"line":14,"column":264}},"18":{"start":{"line":14,"column":290},"end":{"line":14,"column":360}},"19":{"start":{"line":14,"column":363},"end":{"line":14,"column":380}},"20":{"start":{"line":16,"column":50},"end":{"line":16,"column":151}},"21":{"start":{"line":16,"column":92},"end":{"line":16,"column":149}},"22":{"start":{"line":18,"column":44},"end":{"line":18,"column":315}},"23":{"start":{"line":18,"column":57},"end":{"line":18,"column":58}},"24":{"start":{"line":18,"column":102},"end":{"line":18,"column":110}},"25":{"start":{"line":18,"column":112},"end":{"line":18,"column":167}},"26":{"start":{"line":18,"column":168},"end":{"line":18,"column":199}},"27":{"start":{"line":18,"column":200},"end":{"line":18,"column":254}},"28":{"start":{"line":18,"column":227},"end":{"line":18,"column":254}},"29":{"start":{"line":18,"column":255},"end":{"line":18,"column":313}},"30":{"start":{"line":20,"column":62},"end":{"line":20,"column":131}},"31":{"start":{"line":20,"column":78},"end":{"line":20,"column":131}},"32":{"start":{"line":20,"column":132},"end":{"line":20,"column":193}},"33":{"start":{"line":20,"column":149},"end":{"line":20,"column":193}},"34":{"start":{"line":20,"column":194},"end":{"line":20,"column":213}},"35":{"start":{"line":22,"column":15},"end":{"line":22,"column":26}},"36":{"start":{"line":24,"column":30},"end":{"line":371,"column":3}},"37":{"start":{"line":26,"column":4},"end":{"line":26,"column":38}},"38":{"start":{"line":29,"column":2},"end":{"line":368,"column":6}},"39":{"start":{"line":32,"column":28},"end":{"line":57,"column":9}},"40":{"start":{"line":34,"column":8},"end":{"line":56,"column":36}},"41":{"start":{"line":35,"column":10},"end":{"line":55,"column":11}},"42":{"start":{"line":36,"column":12},"end":{"line":54,"column":13}},"43":{"start":{"line":38,"column":16},"end":{"line":38,"column":34}},"44":{"start":{"line":39,"column":16},"end":{"line":39,"column":34}},"45":{"start":{"line":40,"column":16},"end":{"line":40,"column":57}},"46":{"start":{"line":43,"column":16},"end":{"line":43,"column":36}},"47":{"start":{"line":44,"column":16},"end":{"line":44,"column":59}},"48":{"start":{"line":47,"column":16},"end":{"line":47,"column":34}},"49":{"start":{"line":48,"column":16},"end":{"line":48,"column":51}},"50":{"start":{"line":49,"column":16},"end":{"line":49,"column":43}},"51":{"start":{"line":53,"column":16},"end":{"line":53,"column":39}},"52":{"start":{"line":60,"column":8},"end":{"line":60,"column":54}},"53":{"start":{"line":63,"column":6},"end":{"line":63,"column":28}},"54":{"start":{"line":68,"column":28},"end":{"line":99,"column":9}},"55":{"start":{"line":70,"column":8},"end":{"line":98,"column":37}},"56":{"start":{"line":71,"column":10},"end":{"line":97,"column":11}},"57":{"start":{"line":72,"column":12},"end":{"line":96,"column":13}},"58":{"start":{"line":74,"column":16},"end":{"line":74,"column":35}},"59":{"start":{"line":75,"column":16},"end":{"line":75,"column":58}},"60":{"start":{"line":76,"column":16},"end":{"line":76,"column":35}},"61":{"start":{"line":77,"column":16},"end":{"line":77,"column":35}},"62":{"start":{"line":78,"column":16},"end":{"line":78,"column":52}},"63":{"start":{"line":81,"column":16},"end":{"line":81,"column":37}},"64":{"start":{"line":82,"column":16},"end":{"line":82,"column":60}},"65":{"start":{"line":85,"column":16},"end":{"line":85,"column":35}},"66":{"start":{"line":86,"column":16},"end":{"line":86,"column":53}},"67":{"start":{"line":89,"column":16},"end":{"line":91,"column":17}},"68":{"start":{"line":90,"column":18},"end":{"line":90,"column":46}},"69":{"start":{"line":95,"column":16},"end":{"line":95,"column":40}},"70":{"start":{"line":102,"column":8},"end":{"line":102,"column":54}},"71":{"start":{"line":105,"column":6},"end":{"line":105,"column":28}},"72":{"start":{"line":110,"column":24},"end":{"line":136,"column":9}},"73":{"start":{"line":112,"column":8},"end":{"line":135,"column":37}},"74":{"start":{"line":113,"column":10},"end":{"line":134,"column":11}},"75":{"start":{"line":114,"column":12},"end":{"line":133,"column":13}},"76":{"start":{"line":116,"column":16},"end":{"line":116,"column":35}},"77":{"start":{"line":117,"column":16},"end":{"line":117,"column":50}},"78":{"start":{"line":118,"column":16},"end":{"line":118,"column":35}},"79":{"start":{"line":119,"column":16},"end":{"line":119,"column":62}},"80":{"start":{"line":122,"column":16},"end":{"line":122,"column":37}},"81":{"start":{"line":123,"column":16},"end":{"line":123,"column":60}},"82":{"start":{"line":126,"column":16},"end":{"line":126,"column":35}},"83":{"start":{"line":127,"column":16},"end":{"line":127,"column":53}},"84":{"start":{"line":128,"column":16},"end":{"line":128,"column":4
[...]
":12,"column":50},"end":{"line":12,"column":151}},"5":{"start":{"line":12,"column":92},"end":{"line":12,"column":149}},"6":{"start":{"line":14,"column":44},"end":{"line":14,"column":315}},"7":{"start":{"line":14,"column":57},"end":{"line":14,"column":58}},"8":{"start":{"line":14,"column":102},"end":{"line":14,"column":110}},"9":{"start":{"line":14,"column":112},"end":{"line":14,"column":167}},"10":{"start":{"line":14,"column":168},"end":{"line":14,"column":199}},"11":{"start":{"line":14,"column":200},"end":{"line":14,"column":254}},"12":{"start":{"line":14,"column":227},"end":{"line":14,"column":254}},"13":{"start":{"line":14,"column":255},"end":{"line":14,"column":313}},"14":{"start":{"line":16,"column":62},"end":{"line":16,"column":131}},"15":{"start":{"line":16,"column":78},"end":{"line":16,"column":131}},"16":{"start":{"line":16,"column":132},"end":{"line":16,"column":193}},"17":{"start":{"line":16,"column":149},"end":{"line":16,"column":193}},"18":{"start":{"line":16,"column":194},"end":{"line":16,"column":213}},"19":{"start":{"line":18,"column":38},"end":{"line":63,"column":3}},"20":{"start":{"line":20,"column":4},"end":{"line":20,"column":46}},"21":{"start":{"line":23,"column":2},"end":{"line":60,"column":6}},"22":{"start":{"line":26,"column":24},"end":{"line":26,"column":25}},"23":{"start":{"line":27,"column":6},"end":{"line":29,"column":9}},"24":{"start":{"line":28,"column":8},"end":{"line":28,"column":41}},"25":{"start":{"line":30,"column":6},"end":{"line":30,"column":55}},"26":{"start":{"line":35,"column":26},"end":{"line":35,"column":28}},"27":{"start":{"line":37,"column":18},"end":{"line":42,"column":7}},"28":{"start":{"line":38,"column":20},"end":{"line":40,"column":17}},"29":{"start":{"line":39,"column":10},"end":{"line":39,"column":35}},"30":{"start":{"line":41,"column":8},"end":{"line":41,"column":72}},"31":{"start":{"line":44,"column":6},"end":{"line":46,"column":7}},"32":{"start":{"line":44,"column":19},"end":{"line":44,"column":28}},"33":{"start":{"line":45,"column":8},"end":{"line":45,"column":17}},"34":{"start":{"line":48,"column":6},"end":{"line":48,"column":82}},"35":{"start":{"line":49,"column":6},"end":{"line":49,"column":27}},"36":{"start":{"line":54,"column":6},"end":{"line":57,"column":9}},"37":{"start":{"line":55,"column":25},"end":{"line":55,"column":71}},"38":{"start":{"line":56,"column":8},"end":{"line":56,"column":50}},"39":{"start":{"line":58,"column":6},"end":{"line":58,"column":27}},"40":{"start":{"line":62,"column":2},"end":{"line":62,"column":28}},"41":{"start":{"line":65,"column":0},"end":{"line":65,"column":40}}},"fnMap":{"0":{"name":"_interopRequireDefault","decl":{"start":{"line":10,"column":9},"end":{"line":10,"column":31}},"loc":{"start":{"line":10,"column":37},"end":{"line":10,"column":97}},"line":10},"1":{"name":"_classCallCheck","decl":{"start":{"line":12,"column":9},"end":{"line":12,"column":24}},"loc":{"start":{"line":12,"column":48},"end":{"line":12,"column":153}},"line":12},"2":{"name":"_defineProperties","decl":{"start":{"line":14,"column":9},"end":{"line":14,"column":26}},"loc":{"start":{"line":14,"column":42},"end":{"line":14,"column":317}},"line":14},"3":{"name":"_createClass","decl":{"start":{"line":16,"column":9},"end":{"line":16,"column":21}},"loc":{"start":{"line":16,"column":60},"end":{"line":16,"column":215}},"line":16},"4":{"name":"(anonymous_4)","decl":{"start":{"line":18,"column":38},"end":{"line":18,"column":39}},"loc":{"start":{"line":18,"column":50},"end":{"line":63,"column":1}},"line":18},"5":{"name":"ReviewSummaryLogic","decl":{"start":{"line":19,"column":11},"end":{"line":19,"column":29}},"loc":{"start":{"line":19,"column":32},"end":{"line":21,"column":3}},"line":19},"6":{"name":"getAvgRating","decl":{"start":{"line":25,"column":20},"end":{"line":25,"column":32}},"loc":{"start":{"line":25,"column":42},"end":{"line":31,"column":5}},"line":25},"7":{"name":"(anonymous_7)","decl":{"start":{"line":27,"column":22},"end":{"line":27,"column":23}},"loc":{"start":{"line":27,"column":40},"end":{"line":29,"column":7}},"line":27},"8":{"name":"calculatePercentages","decl":{"start":{"line":34,"column":20},"end":{"line":34,"column":40}},"loc":{"start":{"line":34,"column":74},"end":{"line":50,"column":5}},"line":34},"9":{"name":"_loop","decl":{"start":{"line":37,"column":27},"end":{"line":37,"column":32}},"loc":{"start":{"line":37,"column":36},"end":{"line":42,"column":7}},"line":37},"10":{"name":"(anonymous_10)","decl":{"start":{"line":38,"column":35},"end":{"line":38,"column":36}},"loc":{"start":{"line":38,"column":48},"end":{"line":40,"column":9}},"line":38},"11":{"name":"calculateRatingPercentages","decl":{"start":{"line":53,"column":20},"end":{"line":53,"column":46}},"loc":{"start":{"line":53,"column":75},"end":{"line":59,"column":5}},"line":53},"12":{"name":"(anonymous_12)","decl":{"start":{"line":54,"column":28},"end":{"line":54,"column":29}},"loc":{"start":{"line":54,"column":57},"end":{"line":57,"column":7}},"line":54}},"branchMap":{"0":{"loc":{"start":{"line":10,"column":46},"end":{"line":10,"column":94}},"type":"cond-expr","locations":[{"start":{"line":10,"column":70},"end":{"line":10,"column":73}},{"start":{"line":10,"column":76},"end":{"line":10,"column":94}}],"line":10},"1":{"loc":{"start":{"line":10,"column":46},"end":{"line":10,"column":67}},"type":"binary-expr","locations":[{"start":{"line":10,"column":46},"end":{"line":10,"column":49}},{"start":{"line":10,"column":53},"end":{"line":10,"column":67}}],"line":10},"2":{"loc":{"start":{"line":12,"column":50},"end":{"line":12,"column":151}},"type":"if","locations":[{"start":{"line":12,"column":50},"end":{"line":12,"column":151}},{"start":{"line":12,"column":50},"end":{"line":12,"column":151}}],"line":12},"3":{"loc":{"start":{"line":14,"column":136},"end":{"line":14,"column":166}},"type":"binary-expr","locations":[{"start":{"line":14,"column":136},"end":{"line":14,"column":157}},{"start":{"line":14,"column":161},"end":{"line":14,"column":166}}],"line":14},"4":{"loc":{"start":{"line":14,"column":200},"end":{"line":14,"column":254}},"type":"if","locations":[{"start":{"line":14,"column":200},"end":{"line":14,"column":254}},{"start":{"line":14,"column":200},"end":{"line":14,"column":254}}],"line":14},"5":{"loc":{"start":{"line":16,"column":62},"end":{"line":16,"column":131}},"type":"if","locations":[{"start":{"line":16,"column":62},"end":{"line":16,"column":131}},{"start":{"line":16,"column":62},"end":{"line":16,"column":131}}],"line":16},"6":{"loc":{"start":{"line":16,"column":132},"end":{"line":16,"column":193}},"type":"if","locations":[{"start":{"line":16,"column":132},"end":{"line":16,"column":193}},{"start":{"line":16,"column":132},"end":{"line":16,"column":193}}],"line":16}},"s":{"0":1,"1":1,"2":1,"3":1,"4":1,"5":0,"6":1,"7":1,"8":3,"9":3,"10":3,"11":3,"12":3,"13":3,"14":1,"15":1,"16":1,"17":0,"18":1,"19":1,"20":1,"21":1,"22":1,"23":1,"24":3,"25":1,"26":2,"27":2,"28":10,"29":20,"30":10,"31":2,"32":2,"33":10,"34":2,"35":2,"36":2,"37":10,"38":10,"39":2,"40":1,"41":1},"f":{"0":1,"1":1,"2":1,"3":1,"4":1,"5":1,"6":1,"7":3,"8":2,"9":10,"10":20,"11":2,"12":10},"b":{"0":[1,0],"1":[1,1],"2":[0,1],"3":[3,3],"4":[3,0],"5":[1,0],"6":[0,1]},"inputSourceMap":{"version":3,"sources":["ReviewSummaryLogic.js"],"names":["ReviewSummaryLogic","reviews","totalRating","forEach","review","starRating","length","toFixed","maxRating","reviewCount","reviewSummary","i","count","filter","x","push","ReviewSummaryItem","calculateRatingPercentages","percentage","quantity"],"mappings":";;;;;;;AAAA;;;;;;;;;;IAEqBA,kB;;;;;;;iCAEJC,O,EAAS;AAElB,UAAIC,WAAW,GAAG,CAAlB;AACAD,MAAAA,OAAO,CAACE,OAAR,CAAgB,UAAAC,MAAM,EAAI;AACtBF,QAAAA,WAAW,IAAIE,MAAM,CAACC,UAAtB;AACH,OAFD;AAGA,aAAO,CAACH,WAAW,GAAGD,OAAO,CAACK,MAAvB,EAA+BC,OAA/B,CAAuC,CAAvC,CAAP;AACH;;;yCAEoBC,S,EAAWP,O,EAASQ,W,EAAa;AAClD,UAAIC,aAAa,GAAG,EAApB;;AADkD,iCAE1CC,CAF0C;AAI9C,YAAIC,KAAK,GAAGX,OAAO,CAACY,MAAR,CAAe,UAAAC,CAAC;AAAA,iBAAIA,CAAC,CAACT,UAAF,IAAgBM,CAApB;AAAA,SAAhB,EAAuCL,MAAnD;AACAI,QAAAA,aAAa,CAACK,IAAd,CAAmB,IAAIC,6BAAJ,CAAsBL,CAAtB,EAAyBC,KAAzB,CAAnB;AAL8C;;AAElD,WAAI,IAAID,CAAC,GAAGH,SAAZ,EAAuBG,CAAC,GAAG,CAA3B,EAA8BA,CAAC,EAA/B,EAAmC;AAAA,cAA3BA,CAA2B;AAIlC;;AACDD,MAAAA,aAAa,GAAG,KAAKO,0BAAL,CAAgCP,aAAhC,EAA+CD,WAA/C,CAAhB;AACA,aAAOC,aAAP;AACH;;;+CAE0BA,a,EAAeD,W,EAAa;AAEnDC,MAAAA,aAAa,CAACP,OAAd,CAAsB,UAAAa,iBAAiB,EAAI;AACvC,YAAIE,UAAU,GAAIF,iBAAiB,CAACG,QAAlB,GAA6BV,WAA9B,GAA6C,GAA9D;AACAO,QAAAA,iBAAiB,CAACE,UAAlB,GAA+BA,UAA/B;AACH,OAHD;AAIA,aAAOR,aAAP;AACH","sourceRoot":"C:\\Users\\Tjerk_2\\Desktop\\S4 - Vue FrontEnd\\logic\\","sourcesContent":["import ReviewSummaryItem from '@/models/ReviewSummaryItem.js';\r\n\r\nexport default class ReviewSummaryLogic {\r\n\r\n    getAvgRating(reviews) {\r\n\r\n        let totalRating = 0;\r\n        reviews.forEach(review => {\r\n            totalRating += review.starRating;\r\n        });\r\n        return (totalRating / reviews.length).toFixed(1);\r\n    }\r\n\r\n    calculatePercentages(maxRating, reviews, reviewCount) {\r\n        let reviewSummary = [];\r\n        for(let i = maxRating; i > 0; i--) {\r\n\r\n            let count = reviews.filter(x => x.starRating == i).length;\r\n            reviewSummary.push(new ReviewSummaryItem(i, count));\r\n        }\r\n        reviewSummary = this.calculateRatingPercentages(reviewSummary, reviewCount);\r\n        return reviewSummary;\r\n    }\r\n\r\n    calculateRatingPercentages(reviewSummary, reviewCount) {\r\n\r\n        reviewSummary.forEach(ReviewSummaryItem => {\r\n            let percentage = (ReviewSummaryItem.quantity / reviewCount) * 100;\r\n            ReviewSummaryItem.percentage = percentage;\r\n        });\r\n        return reviewSummary;\r\n    }\r\n\r\n}"]},"_coverageSchema":"1a1c01bbd47fc00a2c39e90264f33305004495a9","hash":"bf53be0e839e259b96643cd5fb60eccf9e5179f7","contentHash":"e04446fd61e2aab01d1a1dd50a6fcf5f34aac4181880480de4042421060656ea"},"C:\\Users\\Tjerk_2\\Desktop\\S4 - Vue FrontEnd\\models\\ReviewSummaryItem.js":{"path":"C:\\Users\\Tjerk_2\\Desktop\\S4 - Vue FrontEnd\\models\\ReviewSummaryItem.js","statementMap":{"0":{"start":{"line":3,"column":0},"end":{"line":5,"column":3}},"1":{"start":{"line":6,"column":0},"end":{"line":6,"column":28}},"2":{"start":{"line":8,"column":50},"end":{"line":8,"column":151}},"3":{"start":{"line":8,"column":92},"end":{"line":8,"column":149}},"4":{"start":{"line":10,"column":24},"end":{"line":15,"column":1}},"5":{"start":{"line":11,"column":2},"end":{"line":11,"column":43}},"6":{"start":{"line":13,"column":2},"end":{"line":13,"column":31}},"7":{"start":{"line":14,"column":2},"end":{"line":14,"column":27}},"8":{"start":{"line":17,"column":0},"end":{"line":17,"column":39}}},"fnMap":{"0":{"name":"_classCallCheck","decl":{"start":{"line":8,"column":9},"end":{"line":8,"column":24}},"loc":{"start":{"line":8,"column":48},"end":{"line":8,"column":153}},"line":8},"1":{"name":"ReviewSummaryItem","decl":{"start":{"line":10,"column":33},"end":{"line":10,"column":50}},"loc":{"start":{"line":10,"column":73},"end":{"line":15,"column":1}},"line":10}},"branchMap":{"0":{"loc":{"start":{"line":8,"column":50},"end":{"line":8,"column":151}},"type":"if","locations":[{"start":{"line":8,"column":50},"end":{"line":8,"column":151}},{"start":{"line":8,"column":50},"end":{"line":8,"column":151}}],"line":8}},"s":{"0":1,"1":1,"2":10,"3":0,"4":1,"5":10,"6":10,"7":10,"8":1},"f":{"0":10,"1":10},"b":{"0":[0,10]},"inputSourceMap":{"version":3,"sources":["ReviewSummaryItem.js"],"names":["ReviewSummaryItem","starRating","quantity"],"mappings":";;;;;;;;;IAAqBA,iB,GAEjB,2BAAYC,UAAZ,EAAwBC,QAAxB,EAAkC;AAAA;;AAC9B,OAAKD,UAAL,GAAkBA,UAAlB;AACA,OAAKC,QAAL,GAAgBA,QAAhB;AACH,C","sourceRoot":"C:\\Users\\Tjerk_2\\Desktop\\S4 - Vue FrontEnd\\models\\","sourcesContent":["export default class ReviewSummaryItem {\r\n\r\n    constructor(starRating, quantity) {\r\n        this.starRating = starRating;\r\n        this.quantity = quantity;\r\n    }\r\n}"]},"_coverageSchema":"1a1c01bbd47fc00a2c39e90264f33305004495a9","hash":"8580b126f0a7fc74ae66cb9361afca9905e43d90","contentHash":"a9fb9c3fadc7d8227cb7e324ab58f2c4f872c1384c2debe483fb69793cb3aec5"},"C:\\Users\\Tjerk_2\\Desktop\\S4 - Vue FrontEnd\\models\\Review.js":{"path":"C:\\Users\\Tjerk_2\\Desktop\\S4 - Vue FrontEnd\\models\\Review.js","statementMap":{"0":{"start":{"line":3,"column":0},"end":{"line":5,"column":3}},"1":{"start":{"line":6,"column":0},"end":{"line":6,"column":28}},"2":{"start":{"line":8,"column":50},"end":{"line":8,"column":151}},"3":{"start":{"line":8,"column":92},"end":{"line":8,"column":149}},"4":{"start":{"line":10,"column":44},"end":{"line":10,"column":315}},"5":{"start":{"line":10,"column":57},"end":{"line":10,"column":58}},"6":{"start":{"line":10,"column":102},"end":{"line":10,"column":110}},"7":{"start":{"line":10,"column":112},"end":{"line":10,"column":167}},"8":{"start":{"line":10,"column":168},"end":{"line":10,"column":199}},"9":{"start":{"line":10,"column":200},"end":{"line":10,"column":254}},"10":{"start":{"line":10,"column":227},"end":{"line":10,"column":254}},"11":{"start":{"line":10,"column":255},"end":{"line":10,"column":313}},"12":{"start":{"line":12,"column":62},"end":{"line":12,"column":131}},"13":{"start":{"line":12,"column":78},"end":{"line":12,"column":131}},"14":{"start":{"line":12,"column":132},"end":{"line":12,"column":193}},"15":{"start":{"line":12,"column":149},"end":{"line":12,"column":193}},"16":{"start":{"line":12,"column":194},"end":{"line":12,"column":213}},"17":{"start":{"line":14,"column":26},"end":{"line":54,"column":3}},"18":{"start":{"line":16,"column":4},"end":{"line":16,"column":34}},"19":{"start":{"line":18,"column":4},"end":{"line":18,"column":25}},"20":{"start":{"line":20,"column":4},"end":{"line":20,"column":27}},"21":{"start":{"line":21,"column":4},"end":{"line":21,"column":23}},"22":{"start":{"line":22,"column":4},"end":{"line":22,"column":27}},"23":{"start":{"line":23,"column":4},"end":{"line":23,"column":33}},"24":{"start":{"line":24,"column":4},"end":{"line":24,"column":19}},"25":{"start":{"line":25,"column":4},"end":{"line":25,"column":19}},"26":{"start":{"line":28,"column":2},"end":{"line":51,"column":6}},"27":{"start":{"line":31,"column":6},"end":{"line":31,"column":33}},"28":{"start":{"line":36,"column":6},"end":{"line":38,"column":7}},"29":{"start":{"line":36,"column":22},"end":{"line":36,"column":38}},"30":{"start":{"line":36,"column":50},"end":{"line":36,"column":65}},"31":{"start":{"line":36,"column":74},"end":{"line":36,"column":75}},"32":{"start":{"line":37,"column":8},"end":{"line":37,"column":40}},"33":{"start":{"line":40,"column":6},"end":{"line":40,"column":47}},"34":{"start":{"line":45,"column":6},"end":{"line":47,"column":7}},"35":{"start":{"line":45,"column":23},"end":{"line":45,"column":39}},"36":{"start":{"line":45,"column":51},"end":{"line":45,"column":67}},"37":{"start":{"line":45,"column":77},"end":{"line":45,"column":78}},"38":{"start":{"line":46,"column":8},"end":{"line":46,"column":42}},"39":{"start":{"line":49,"column":6},"end":{"line":49,"column":47}},"40":{"start":{"line":53,"column":2},"end":{"line":53,"column":16}},"41":{"start":{"line":56,"column":0},"end":{"line":56,"column":28}}},"fnMap":{"0":{"name":"_classCallCheck","decl":{"start":{"line":8,"column":9},"end":{"line":8,"column":24}},"loc":{"start":{"line":8,"column":48},"end":{"line":8,"column":153}},"line":8},"1":{"name":"_defineProperties","decl":{"start":{"line":10,"column":9},"end":{"line":10,"column":26}},"loc":{"start":{"line":10,"column":42},"end":{"line":10,"column":317}},"line":10},"2":{"name":"_createClass","decl":{"start":{"line":12,"column":9},"end":{"line":12,"column":21}},"loc":{"start":{"line":12,"column":60},"end":{"line":12,"column":215}},"line":12},"3":{"name":"(anonymous_3)","decl":{"start":{"line":14,"column":26},"end":{"line":14,"column":27}},"loc":{"start":{"line":14,"column":38},"end":{"line":54,"column":1}},"line":14},"4":{"name":"Review","decl":{"start":{"line":15,"column":11},"end":{"line":15,"column":17}},"loc":{"start":{"line":15,"column":54},"end":{"line":26,"column":3}},"line":15},"5":{"name":"setProductId","decl":{"start":{"line":30,"column":20},"end":{"line":30,"column":32}},"loc":{"start":{"line":30,"column":44},"end":{"line":32,"column":5}},"line":30},"6":{"name":"addPros","decl":{"start":{"line":35,"column":20},"end":{"line":35,"column":27}},"loc":{"start":{"line":35,"column":30},"end":{"line":41,"column":5}},"line":35},"7":{"name":"addCons","decl":{"start":{"line":44,"column":20},"end":{"line":44,"column":27}},"loc":{"start":{"line":44,"column":30},"end":{"line":50,"column":5}},"line":44}},"branchMap":{"0":{"loc":{"start":{"line":8,"column":50},"end":{"line":8,"column":151}},"type":"if","locations":[{"start":{"line":8,"column":50},"end":{"line":8,"column":151}},{"start":{"line":8,"column":50},"end":{"line":8,"column":151}}],"line":8},"1":{"loc":{"start":{"line":10,"column":136},"end":{"line":10,"column":166}},"type":"binary-expr","locations":[{"start":{"line":10,"column":136},"end":{"line":10,"column":157}},{"start":{"line":10,"column":161},"end":{"line":10,"column":166}}],"line":10},"2":{"loc":{"start":{"line":10,"column":200},"end":{"line":10,"column":254}},"type":"if","locations":[{"start":{"line":10,"column":200},"end":{"line":10,"column":254}},{"start":{"line":10,"column":200},"end":{"line":10,"column":254}}],"line":10},"3":{"loc":{"start":{"line":12,"column":62},"end":{"line":12,"column":131}},"type":"if","locations":[{"start":{"line":12,"column":62},"end":{"line":12,"column":131}},{"start":{"line":12,"column":62},"end":{"line":12,"column":131}}],"line":12},"4":{"loc":{"start":{"line":12,"column":132},"end":{"line":12,"column":193}},"type":"if","locations":[{"start":{"line":12,"column":132},"end":{"line":12,"column":193}},{"start":{"line":12,"column":132},"end":{"line":12,"column":193}}],"line":12}},"s":{"0":1,"1":1,"2":3,"3":0,"4":1,"5":1,"6":3,"7":3,"8":3,"9":3,"10":3,"11":3,"12":1,"13":1,"14":1,"15":0,"16":1,"17":1,"18":3,"19":3,"20":3,"21":3,"22":3,"23":3,"24":3,"25":3,"26":1,"27":1,"28":1,"29":1,"30":1,"31":1,"32":2,"33":1,"34":1,"35":1,"36":1,"37":1,"38":1,"39":1,"40":1,"41":1},"f":{"0":3,"1":1,"2":1,"3":1,"4":3,"5":1,"6":1,"7":1},"b":{"0":[0,3],"1":[3,3],"2":[3,0],"3":[1,0],"4":[0,1]},"inputSourceMap":{"version":3,"sources":["Review.js"],"names":["Review","author","title","content","starRating","date","Date","now","pros","cons","productId","newPros","push","apply","newCons"],"mappings":";;;;;;;;;;;;;IAAqBA,M;AAEjB,kBAAYC,MAAZ,EAAoBC,KAApB,EAA2BC,OAA3B,EAAoCC,UAApC,EAAgD;AAAA;;AAE5C,SAAKH,MAAL,GAAcA,MAAd,CAF4C,CAGhC;;AACZ,SAAKI,IAAL,GAAYC,IAAI,CAACC,GAAL,EAAZ;AAEA,SAAKL,KAAL,GAAaA,KAAb;AACA,SAAKC,OAAL,GAAeA,OAAf;AAEA,SAAKC,UAAL,GAAkBA,UAAlB;AAEA,SAAKI,IAAL,GAAY,EAAZ;AACA,SAAKC,IAAL,GAAY,EAAZ;AACH;;;;iCAEYC,S,EAAW;AACpB,WAAKA,SAAL,GAAiBA,SAAjB;AACH;;;8BAEmB;AAAA,wCAATC,OAAS;AAATA,QAAAA,OAAS;AAAA;;AAChB,WAAKH,IAAL,CAAUI,IAAV,CAAeC,KAAf,CAAqB,KAAKL,IAA1B,EAAgCG,OAAhC;AACH;;;8BAEmB;AAAA,yCAATG,OAAS;AAATA,QAAAA,OAAS;AAAA;;AAChB,WAAKL,IAAL,CAAUG,IAAV,CAAeC,KAAf,CAAqB,KAAKJ,IAA1B,EAAgCK,OAAhC;AACH","sourceRoot":"C:\\Users\\Tjerk_2\\Desktop\\S4 - Vue FrontEnd\\models\\","sourcesContent":["export default class Review {\r\n\r\n    constructor(author, title, content, starRating) {\r\n\r\n        this.author = author;\r\n                    //send timeStamp\r\n        this.date = Date.now();\r\n\r\n        this.title = title;\r\n        this.content = content;\r\n\r\n        this.starRating = starRating;\r\n\r\n        this.pros = [];\r\n        this.cons = [];\r\n    }\r\n\r\n    setProductId(productId) {\r\n        this.productId = productId;\r\n    }\r\n\r\n    addPros(...newPros) {\r\n        this.pros.push.apply(this.pros, newPros);\r\n    }\r\n\r\n    addCons(...newCons) {\r\n        this.cons.push.apply(this.cons, newCons);\r\n    }\r\n\r\n\r\n}"]},"_coverageSchema":"1a1c01bbd47fc00a2c39e90264f33305004495a9","hash":"9f84d40afa0f3cc3b83e22c8f93861d74485908a","contentHash":"fa731e6fdcc0767732b72206a09120af2f12a5bc27f68ff4bb32172cc0e77c5c"}}